1.2517 	WARNING 	We strongly recommend you activate the PTB sound engine in PsychoPy prefs as the preferred audio engine. Its timing is vastly superior. Your prefs are currently set to use ['sounddevice', 'PTB', 'pyo', 'pygame'] (in that order).
4.1158 	WARNING 	User requested fullscreen with size [1024  768], but screen is actually [1680, 1050]. Using actual size
4.7055 	EXP 	Created window1 = Window(allowGUI=True, allowStencil=False, autoLog=True, backendConf=UNKNOWN, bitsMode=UNKNOWN, blendMode='avg', bpc=(8, 8, 8), color=array([0, 0, 0]), colorSpace='rgb', depthBits=8, fullscr=<method-wrapper '__getattribute__' of attributeSetter object at 0x7fd45ed586a0>, gamma=None, gammaErrorPolicy='raise', lms=UNKNOWN, monitor=<psychopy.monitors.calibTools.Monitor object at 0x7fd458276460>, multiSample=False, name='window1', numSamples=2, pos=[0.0, 0.0], screen=0, size=array([1680, 1050]), stencilBits=0, stereo=False, units='height', useFBO=True, useRetina=False, viewOri=0.0, viewPos=None, viewScale=None, waitBlanking=True, winType='pyglet')
4.7060 	EXP 	window1: mouseVisible = True
4.7100 	EXP 	window1: mouseVisible = False
4.7100 	EXP 	window1: Attempting to measure frame rate of screen (0) ...
4.7101 	EXP 	window1: recordFrameIntervals = False
4.8704 	EXP 	window1: recordFrameIntervals = True
5.0550 	EXP 	Screen (0) actual frame rate measured at 59.76Hz
5.0551 	EXP 	window1: recordFrameIntervals = False
6.5230 	EXP 	window1: mouseVisible = True
6.5381 	EXP 	Created slider = Slider(__class__=<class 'psychopy.visual.slider.Slider'>, autoDraw=False, autoLog=True, borderColor=None, color=None, colorSpace='rgb', depth=0, fillColor=None, flip=False, font='Open Sans', granularity=0.0, labelColor=None, labelHeight=0.05, labelWrapWidth=None, labels=None, lineColor=None, markerColor=None, name='slider', opacity=None, ori=0.0, pos=array([ 0. , -0.4]), readOnly=False, self=UNKNOWN, size=array([1. , 0.1]), startValue=None, style='rating', styleTweaks=[], ticks=array([1, 2, 3, 4, 5]), units='height', win=Window(...))
6.5416 	EXP 	window1: mouseVisible = True
6.5548 	EXP 	Created slider_2 = Slider(__class__=<class 'psychopy.visual.slider.Slider'>, autoDraw=False, autoLog=True, borderColor=None, color=None, colorSpace='rgb', depth=-1, fillColor=None, flip=False, font='Open Sans', granularity=0.0, labelColor=None, labelHeight=0.05, labelWrapWidth=None, labels=None, lineColor=None, markerColor=None, name='slider_2', opacity=None, ori=0.0, pos=array([ 0. , -0.4]), readOnly=False, self=UNKNOWN, size=array([1. , 0.1]), startValue=None, style='rating', styleTweaks=[], ticks=array([1, 2, 3, 4, 5]), units='height', win=Window(...))
6.6975 	EXP 	Created text = TextStim(__class__=<class 'psychopy.visual.text.TextStim'>, alignHoriz=method-wrapper(...), alignText='center', alignVert=method-wrapper(...), anchorHoriz='center', anchorVert='center', antialias=True, autoDraw=False, autoLog=True, bold=False, color=array([1, 1, 1]), colorSpace='rgb', contrast=1.0, depth=-3.0, flipHoriz=False, flipVert=False, font='Open Sans', fontFiles=[], height=0.05, italic=False, languageStyle='LTR', name='text', opacity=1.0, ori=0.0, pos=array([0., 0.]), rgb=UNKNOWN, text='Any text\n\nincluding line breaks', units='height', win=Window(...), wrapWidth=1)
6.7030 	EXP 	Created car = ImageStim(__class__=<class 'psychopy.visual.image.ImageStim'>, anchor=('left', 'top'), autoLog=True, color=array([1, 1, 1]), colorSpace='rgb', contrast=1.0, depth=0, flipHoriz=False, flipVert=False, image=str(...), interpolate=False, mask=None, maskParams=None, name='car', opacity=1.0, ori=0.0, pos=array([-10.,   0.]), size=array([0.05142857, 0.02095238]), texRes=128, units='height', win=Window(...))
6.7037 	EXP 	Created sequence: random, trialTypes=1, nReps=2, seed=None
6.7040 	EXP 	New trial (rep=0, index=0): None
6.7207 	EXP 	slider: autoLog = True
6.7207 	EXP 	slider: markerPos = None
6.7207 	EXP 	slider: styleTweaks = []
6.7207 	EXP 	slider: styleTweaks = []
6.7207 	EXP 	slider: styleTweaks = []
6.7207 	EXP 	slider: styleTweaks = []
6.7207 	EXP 	slider: contrast = 1.0
6.7207 	EXP 	slider: autoLog = True
6.7207 	EXP 	slider_2: autoLog = True
6.7207 	EXP 	slider_2: markerPos = None
6.7207 	EXP 	slider_2: styleTweaks = []
6.7207 	EXP 	slider_2: styleTweaks = []
6.7207 	EXP 	slider_2: styleTweaks = []
6.7207 	EXP 	slider_2: styleTweaks = []
6.7207 	EXP 	slider_2: contrast = 1.0
6.7207 	EXP 	slider_2: autoLog = True
6.7207 	EXP 	textbox: autoLog = True
6.7207 	EXP 	slider: markerPos = None
6.7207 	EXP 	slider: markerPos = None
6.7207 	EXP 	slider_2: markerPos = None
6.7207 	EXP 	slider_2: markerPos = None
6.7207 	EXP 	car: autoDraw = True
6.7207 	EXP 	slider: autoDraw = True
6.7207 	EXP 	slider_2: autoDraw = True
6.7207 	EXP 	textbox: autoDraw = True
8.5113 	DATA 	Mouse: Left button down, pos=(848,109)
8.5274 	EXP 	slider: markerPos = 3.0304761904761905
8.5274 	EXP 	slider_2: markerPos = 3.0304761904761905
8.5470 	EXP 	slider: markerPos = 3.0304761904761905
8.5470 	EXP 	slider_2: markerPos = 3.0304761904761905
8.5653 	EXP 	slider: markerPos = 3.0304761904761905
8.5653 	EXP 	slider_2: markerPos = 3.0304761904761905
8.5811 	EXP 	slider: markerPos = 3.0304761904761905
8.5811 	EXP 	slider_2: markerPos = 3.0304761904761905
8.5966 	EXP 	slider: markerPos = 3.0304761904761905
8.5966 	EXP 	slider_2: markerPos = 3.0304761904761905
8.6126 	EXP 	slider: markerPos = 3.0304761904761905
8.6126 	EXP 	slider_2: markerPos = 3.0304761904761905
8.6133 	DATA 	Mouse:  Left button up, pos=(848,109)
8.6275 	EXP 	slider: markerPos = 3.0304761904761905
8.6275 	EXP 	slider_2: markerPos = 3.0304761904761905
8.6318 	EXP 	New trial (rep=1, index=0): None
8.6520 	EXP 	slider: autoDraw = False
8.6520 	EXP 	slider_2: autoDraw = False
8.6520 	EXP 	textbox: autoDraw = False
8.6520 	EXP 	text: autoDraw = False
8.6520 	EXP 	car: autoDraw = False
8.6520 	EXP 	slider: markerPos = None
8.6520 	EXP 	slider: markerPos = None
8.6520 	EXP 	slider_2: markerPos = None
8.6520 	EXP 	slider_2: markerPos = None
8.6520 	EXP 	car: autoDraw = True
8.6520 	EXP 	slider: autoDraw = True
8.6520 	EXP 	slider_2: autoDraw = True
8.6520 	EXP 	textbox: autoDraw = True
8.7869 	DATA 	Mouse: Left button down, pos=(848,109)
8.8109 	EXP 	slider: markerPos = 3.0304761904761905
8.8109 	EXP 	slider_2: markerPos = 3.0304761904761905
8.8273 	EXP 	slider: markerPos = 3.0304761904761905
8.8273 	EXP 	slider_2: markerPos = 3.0304761904761905
8.8443 	EXP 	slider: markerPos = 3.0304761904761905
8.8443 	EXP 	slider_2: markerPos = 3.0304761904761905
8.8610 	EXP 	slider: markerPos = 3.0304761904761905
8.8610 	EXP 	slider_2: markerPos = 3.0304761904761905
8.8669 	DATA 	Mouse:  Left button up, pos=(848,109)
8.8777 	EXP 	slider: markerPos = 3.0304761904761905
8.8777 	EXP 	slider_2: markerPos = 3.0304761904761905
8.8942 	EXP 	slider: autoDraw = False
8.8942 	EXP 	slider_2: autoDraw = False
8.8942 	EXP 	textbox: autoDraw = False
8.8942 	EXP 	text: autoDraw = False
8.8942 	EXP 	car: autoDraw = False
8.9172 	EXP 	window1: mouseVisible = True
