1.0685 	WARNING 	We strongly recommend you activate the PTB sound engine in PsychoPy prefs as the preferred audio engine. Its timing is vastly superior. Your prefs are currently set to use ['sounddevice', 'PTB', 'pyo', 'pygame'] (in that order).
6.9294 	WARNING 	User requested fullscreen with size [1024  768], but screen is actually [1680, 1050]. Using actual size
7.5808 	EXP 	Created window1 = Window(allowGUI=True, allowStencil=False, autoLog=True, backendConf=UNKNOWN, bitsMode=UNKNOWN, blendMode='avg', bpc=(8, 8, 8), color=array([0, 0, 0]), colorSpace='rgb', depthBits=8, fullscr=<method-wrapper '__getattribute__' of attributeSetter object at 0x7f03f80fb6a0>, gamma=None, gammaErrorPolicy='raise', lms=UNKNOWN, monitor=<psychopy.monitors.calibTools.Monitor object at 0x7f03f00362b0>, multiSample=False, name='window1', numSamples=2, pos=[0.0, 0.0], screen=0, size=array([1680, 1050]), stencilBits=0, stereo=False, units='height', useFBO=True, useRetina=False, viewOri=0.0, viewPos=None, viewScale=None, waitBlanking=True, winType='pyglet')
7.5811 	EXP 	window1: mouseVisible = True
7.5833 	EXP 	window1: mouseVisible = False
7.5833 	EXP 	window1: Attempting to measure frame rate of screen (0) ...
7.5833 	EXP 	window1: recordFrameIntervals = False
7.7469 	EXP 	window1: recordFrameIntervals = True
8.0484 	EXP 	Screen (0) actual frame rate measured at 60.65Hz
8.0485 	EXP 	window1: recordFrameIntervals = False
9.6053 	EXP 	window1: mouseVisible = True
9.6218 	EXP 	Created slider = Slider(__class__=<class 'psychopy.visual.slider.Slider'>, autoDraw=False, autoLog=True, borderColor=None, color=None, colorSpace='rgb', depth=0, fillColor=None, flip=False, font='Open Sans', granularity=0.0, labelColor=None, labelHeight=0.05, labelWrapWidth=None, labels=None, lineColor=None, markerColor=None, name='slider', opacity=None, ori=0.0, pos=array([ 0. , -0.4]), readOnly=False, self=UNKNOWN, size=array([1. , 0.1]), startValue=None, style='rating', styleTweaks=[], ticks=array([1, 2, 3, 4, 5]), units='height', win=Window(...))
9.6241 	EXP 	window1: mouseVisible = True
9.6356 	EXP 	Created slider_2 = Slider(__class__=<class 'psychopy.visual.slider.Slider'>, autoDraw=False, autoLog=True, borderColor=None, color=None, colorSpace='rgb', depth=-1, fillColor=None, flip=False, font='Open Sans', granularity=0.0, labelColor=None, labelHeight=0.05, labelWrapWidth=None, labels=None, lineColor=None, markerColor=None, name='slider_2', opacity=None, ori=0.0, pos=array([ 0. , -0.4]), readOnly=False, self=UNKNOWN, size=array([1. , 0.1]), startValue=None, style='rating', styleTweaks=[], ticks=array([1, 2, 3, 4, 5]), units='height', win=Window(...))
9.7703 	EXP 	Created text = TextStim(__class__=<class 'psychopy.visual.text.TextStim'>, alignHoriz=method-wrapper(...), alignText='center', alignVert=method-wrapper(...), anchorHoriz='center', anchorVert='center', antialias=True, autoDraw=False, autoLog=True, bold=False, color=array([1, 1, 1]), colorSpace='rgb', contrast=1.0, depth=-3.0, flipHoriz=False, flipVert=False, font='Open Sans', fontFiles=[], height=0.05, italic=False, languageStyle='LTR', name='text', opacity=1.0, ori=0.0, pos=array([0., 0.]), rgb=UNKNOWN, text='Any text\n\nincluding line breaks', units='height', win=Window(...), wrapWidth=1)
9.7763 	EXP 	Created car = ImageStim(__class__=<class 'psychopy.visual.image.ImageStim'>, anchor=('left', 'top'), autoLog=True, color=array([1, 1, 1]), colorSpace='rgb', contrast=1.0, depth=0, flipHoriz=False, flipVert=False, image=str(...), interpolate=False, mask=None, maskParams=None, name='car', opacity=1.0, ori=0.0, pos=array([-1.,  0.]), size=array([0.05142857, 0.02095238]), texRes=128, units='height', win=Window(...))
9.7770 	EXP 	Created sequence: random, trialTypes=1, nReps=2, seed=None
9.7773 	EXP 	New trial (rep=0, index=0): None
9.7949 	EXP 	slider: autoLog = True
9.7949 	EXP 	slider: markerPos = None
9.7949 	EXP 	slider: styleTweaks = []
9.7949 	EXP 	slider: styleTweaks = []
9.7949 	EXP 	slider: styleTweaks = []
9.7949 	EXP 	slider: styleTweaks = []
9.7949 	EXP 	slider: contrast = 1.0
9.7949 	EXP 	slider: autoLog = True
9.7949 	EXP 	slider_2: autoLog = True
9.7949 	EXP 	slider_2: markerPos = None
9.7949 	EXP 	slider_2: styleTweaks = []
9.7949 	EXP 	slider_2: styleTweaks = []
9.7949 	EXP 	slider_2: styleTweaks = []
9.7949 	EXP 	slider_2: styleTweaks = []
9.7949 	EXP 	slider_2: contrast = 1.0
9.7949 	EXP 	slider_2: autoLog = True
9.7949 	EXP 	textbox: autoLog = True
9.7949 	EXP 	slider: markerPos = None
9.7949 	EXP 	slider: markerPos = None
9.7949 	EXP 	slider_2: markerPos = None
9.7949 	EXP 	slider_2: markerPos = None
9.7949 	EXP 	car: autoDraw = True
9.7949 	EXP 	slider: autoDraw = True
9.7949 	EXP 	slider_2: autoDraw = True
9.7949 	EXP 	textbox: autoDraw = True
14.3522 	DATA 	Mouse: Left button down, pos=(843,106)
14.3762 	EXP 	slider: markerPos = 3.0114285714285716
14.3762 	EXP 	slider_2: markerPos = 3.0114285714285716
14.3932 	EXP 	slider: markerPos = 3.0114285714285716
14.3932 	EXP 	slider_2: markerPos = 3.0114285714285716
14.4110 	EXP 	slider: markerPos = 3.0114285714285716
14.4110 	EXP 	slider_2: markerPos = 3.0114285714285716
14.4275 	EXP 	slider: markerPos = 3.0114285714285716
14.4275 	EXP 	slider_2: markerPos = 3.0114285714285716
14.4445 	EXP 	slider: markerPos = 3.0114285714285716
14.4445 	EXP 	slider_2: markerPos = 3.0114285714285716
14.4455 	DATA 	Mouse:  Left button up, pos=(843,106)
14.4601 	EXP 	slider: markerPos = 3.0114285714285716
14.4601 	EXP 	slider_2: markerPos = 3.0114285714285716
14.4629 	EXP 	New trial (rep=1, index=0): None
14.4798 	EXP 	slider: autoDraw = False
14.4798 	EXP 	slider_2: autoDraw = False
14.4798 	EXP 	textbox: autoDraw = False
14.4798 	EXP 	text: autoDraw = False
14.4798 	EXP 	car: autoDraw = False
14.4798 	EXP 	slider: markerPos = None
14.4798 	EXP 	slider: markerPos = None
14.4798 	EXP 	slider_2: markerPos = None
14.4798 	EXP 	slider_2: markerPos = None
14.4798 	EXP 	car: autoDraw = True
14.4798 	EXP 	slider: autoDraw = True
14.4798 	EXP 	slider_2: autoDraw = True
14.4798 	EXP 	textbox: autoDraw = True
15.2482 	DATA 	Mouse: Left button down, pos=(843,106)
15.2587 	EXP 	slider_2: markerPos = 3.0114285714285716
15.2720 	EXP 	slider: markerPos = 3.0114285714285716
15.2720 	EXP 	slider_2: markerPos = 3.0114285714285716
15.2877 	EXP 	slider: markerPos = 3.0114285714285716
15.2877 	EXP 	slider_2: markerPos = 3.0114285714285716
15.3018 	EXP 	slider: markerPos = 3.0114285714285716
15.3018 	EXP 	slider_2: markerPos = 3.0114285714285716
15.3156 	EXP 	slider: markerPos = 3.0114285714285716
15.3156 	EXP 	slider_2: markerPos = 3.0114285714285716
15.3295 	EXP 	slider: markerPos = 3.0114285714285716
15.3295 	EXP 	slider_2: markerPos = 3.0114285714285716
15.3353 	DATA 	Mouse:  Left button up, pos=(843,106)
15.3450 	EXP 	slider: markerPos = 3.0114285714285716
15.3450 	EXP 	slider_2: markerPos = 3.0114285714285716
15.3622 	EXP 	slider: autoDraw = False
15.3622 	EXP 	slider_2: autoDraw = False
15.3622 	EXP 	textbox: autoDraw = False
15.3622 	EXP 	text: autoDraw = False
15.3622 	EXP 	car: autoDraw = False
15.3735 	EXP 	window1: mouseVisible = True
