1.0827 	WARNING 	We strongly recommend you activate the PTB sound engine in PsychoPy prefs as the preferred audio engine. Its timing is vastly superior. Your prefs are currently set to use ['sounddevice', 'PTB', 'pyo', 'pygame'] (in that order).
7.5358 	WARNING 	User requested fullscreen with size [1024  768], but screen is actually [1680, 1050]. Using actual size
8.1727 	EXP 	Created window1 = Window(allowGUI=True, allowStencil=False, autoLog=True, backendConf=UNKNOWN, bitsMode=UNKNOWN, blendMode='avg', bpc=(8, 8, 8), color=array([0, 0, 0]), colorSpace='rgb', depthBits=8, fullscr=<method-wrapper '__getattribute__' of attributeSetter object at 0x7f2866e476a0>, gamma=None, gammaErrorPolicy='raise', lms=UNKNOWN, monitor=<psychopy.monitors.calibTools.Monitor object at 0x7f286037c1c0>, multiSample=False, name='window1', numSamples=2, pos=[0.0, 0.0], screen=0, size=array([1680, 1050]), stencilBits=0, stereo=False, units='height', useFBO=True, useRetina=False, viewOri=0.0, viewPos=None, viewScale=None, waitBlanking=True, winType='pyglet')
8.1732 	EXP 	window1: mouseVisible = True
8.1765 	EXP 	window1: mouseVisible = False
8.1765 	EXP 	window1: Attempting to measure frame rate of screen (0) ...
8.1766 	EXP 	window1: recordFrameIntervals = False
8.3383 	EXP 	window1: recordFrameIntervals = True
8.5225 	EXP 	Screen (0) actual frame rate measured at 59.77Hz
8.5226 	EXP 	window1: recordFrameIntervals = False
10.0487 	EXP 	window1: mouseVisible = True
10.0612 	EXP 	Created slider = Slider(__class__=<class 'psychopy.visual.slider.Slider'>, autoDraw=False, autoLog=True, borderColor=None, color=None, colorSpace='rgb', depth=0, fillColor=None, flip=False, font='Open Sans', granularity=0.0, labelColor=None, labelHeight=0.05, labelWrapWidth=None, labels=None, lineColor=None, markerColor=None, name='slider', opacity=None, ori=0.0, pos=array([ 0. , -0.4]), readOnly=False, self=UNKNOWN, size=array([1. , 0.1]), startValue=None, style='rating', styleTweaks=[], ticks=array([1, 2, 3, 4, 5]), units='height', win=Window(...))
10.0635 	EXP 	window1: mouseVisible = True
10.0749 	EXP 	Created slider_2 = Slider(__class__=<class 'psychopy.visual.slider.Slider'>, autoDraw=False, autoLog=True, borderColor=None, color=None, colorSpace='rgb', depth=-1, fillColor=None, flip=False, font='Open Sans', granularity=0.0, labelColor=None, labelHeight=0.05, labelWrapWidth=None, labels=None, lineColor=None, markerColor=None, name='slider_2', opacity=None, ori=0.0, pos=array([ 0. , -0.4]), readOnly=False, self=UNKNOWN, size=array([1. , 0.1]), startValue=None, style='rating', styleTweaks=[], ticks=array([1, 2, 3, 4, 5]), units='height', win=Window(...))
10.2026 	EXP 	Created text = TextStim(__class__=<class 'psychopy.visual.text.TextStim'>, alignHoriz=method-wrapper(...), alignText='center', alignVert=method-wrapper(...), anchorHoriz='center', anchorVert='center', antialias=True, autoDraw=False, autoLog=True, bold=False, color=array([1, 1, 1]), colorSpace='rgb', contrast=1.0, depth=-3.0, flipHoriz=False, flipVert=False, font='Open Sans', fontFiles=[], height=0.05, italic=False, languageStyle='LTR', name='text', opacity=1.0, ori=0.0, pos=array([0., 0.]), rgb=UNKNOWN, text='Any text\n\nincluding line breaks', units='height', win=Window(...), wrapWidth=1)
10.2082 	EXP 	Created unnamed ImageStim = ImageStim(__class__=<class 'psychopy.visual.image.ImageStim'>, anchor=('center', 'center'), autoLog=True, color=array([1, 1, 1]), colorSpace='rgb', contrast=1.0, depth=0, flipHoriz=False, flipVert=False, image=str(...), interpolate=False, mask=None, maskParams=None, name='unnamed ImageStim', opacity=1.0, ori=0.0, pos=array([0., 0.]), size=array([400., 300.]), texRes=128, units='height', win=Window(...))
10.2089 	EXP 	Created sequence: random, trialTypes=1, nReps=2, seed=None
10.2091 	EXP 	New trial (rep=0, index=0): None
10.2277 	EXP 	slider: autoLog = True
10.2277 	EXP 	slider: markerPos = None
10.2277 	EXP 	slider: styleTweaks = []
10.2277 	EXP 	slider: styleTweaks = []
10.2277 	EXP 	slider: styleTweaks = []
10.2277 	EXP 	slider: styleTweaks = []
10.2277 	EXP 	slider: contrast = 1.0
10.2277 	EXP 	slider: autoLog = True
10.2277 	EXP 	slider_2: autoLog = True
10.2277 	EXP 	slider_2: markerPos = None
10.2277 	EXP 	slider_2: styleTweaks = []
10.2277 	EXP 	slider_2: styleTweaks = []
10.2277 	EXP 	slider_2: styleTweaks = []
10.2277 	EXP 	slider_2: styleTweaks = []
10.2277 	EXP 	slider_2: contrast = 1.0
10.2277 	EXP 	slider_2: autoLog = True
10.2277 	EXP 	textbox: autoLog = True
10.2277 	EXP 	slider: markerPos = None
10.2277 	EXP 	slider: markerPos = None
10.2277 	EXP 	slider_2: markerPos = None
10.2277 	EXP 	slider_2: markerPos = None
10.2277 	EXP 	slider: autoDraw = True
10.2277 	EXP 	slider_2: autoDraw = True
10.2277 	EXP 	textbox: autoDraw = True
10.2277 	EXP 	unnamed ImageStim: autoDraw = True
12.4211 	DATA 	Mouse: Left button down, pos=(870,373)
12.5140 	DATA 	Mouse:  Left button up, pos=(870,373)
13.1487 	DATA 	Mouse: Left button down, pos=(849,97)
13.1680 	EXP 	slider: markerPos = 3.0342857142857143
13.1680 	EXP 	slider_2: markerPos = 3.0342857142857143
13.1836 	EXP 	slider: markerPos = 3.0342857142857143
13.1836 	EXP 	slider_2: markerPos = 3.0342857142857143
13.1979 	EXP 	slider: markerPos = 3.0342857142857143
13.1979 	EXP 	slider_2: markerPos = 3.0342857142857143
13.2148 	EXP 	slider: markerPos = 3.0342857142857143
13.2148 	EXP 	slider_2: markerPos = 3.0342857142857143
13.2311 	EXP 	slider: markerPos = 3.0342857142857143
13.2311 	EXP 	slider_2: markerPos = 3.0342857142857143
13.2484 	EXP 	slider: markerPos = 3.0342857142857143
13.2484 	EXP 	slider_2: markerPos = 3.0342857142857143
13.2489 	DATA 	Mouse:  Left button up, pos=(849,97)
13.2647 	EXP 	slider: markerPos = 3.0342857142857143
13.2647 	EXP 	slider_2: markerPos = 3.0342857142857143
13.2675 	EXP 	New trial (rep=1, index=0): None
13.2864 	EXP 	slider: autoDraw = False
13.2864 	EXP 	slider_2: autoDraw = False
13.2864 	EXP 	textbox: autoDraw = False
13.2864 	EXP 	text: autoDraw = False
13.2864 	EXP 	unnamed ImageStim: autoDraw = False
13.2864 	EXP 	slider: markerPos = None
13.2864 	EXP 	slider: markerPos = None
13.2864 	EXP 	slider_2: markerPos = None
13.2864 	EXP 	slider_2: markerPos = None
13.2864 	EXP 	slider: autoDraw = True
13.2864 	EXP 	slider_2: autoDraw = True
13.2864 	EXP 	textbox: autoDraw = True
13.2864 	EXP 	unnamed ImageStim: autoDraw = True
14.5165 	DATA 	Mouse: Left button down, pos=(851,98)
14.5327 	EXP 	slider: markerPos = 3.041904761904762
14.5327 	EXP 	slider_2: markerPos = 3.041904761904762
14.5513 	EXP 	slider: markerPos = 3.041904761904762
14.5513 	EXP 	slider_2: markerPos = 3.041904761904762
14.5695 	EXP 	slider: markerPos = 3.041904761904762
14.5695 	EXP 	slider_2: markerPos = 3.041904761904762
14.5871 	EXP 	slider: markerPos = 3.041904761904762
14.5871 	EXP 	slider_2: markerPos = 3.041904761904762
14.5947 	DATA 	Mouse:  Left button up, pos=(851,98)
14.6049 	EXP 	slider: markerPos = 3.041904761904762
14.6049 	EXP 	slider_2: markerPos = 3.041904761904762
14.6158 	EXP 	slider: autoDraw = False
14.6158 	EXP 	slider_2: autoDraw = False
14.6158 	EXP 	textbox: autoDraw = False
14.6158 	EXP 	text: autoDraw = False
14.6158 	EXP 	unnamed ImageStim: autoDraw = False
14.6305 	EXP 	window1: mouseVisible = True
