1.0424 	WARNING 	We strongly recommend you activate the PTB sound engine in PsychoPy prefs as the preferred audio engine. Its timing is vastly superior. Your prefs are currently set to use ['sounddevice', 'PTB', 'pyo', 'pygame'] (in that order).
6.9340 	WARNING 	User requested fullscreen with size [1024  768], but screen is actually [1680, 1050]. Using actual size
7.6667 	EXP 	Created window1 = Window(allowGUI=True, allowStencil=False, autoLog=True, backendConf=UNKNOWN, bitsMode=UNKNOWN, blendMode='avg', bpc=(8, 8, 8), color=array([0, 0, 0]), colorSpace='rgb', depthBits=8, fullscr=<method-wrapper '__getattribute__' of attributeSetter object at 0x7f18144186a0>, gamma=None, gammaErrorPolicy='raise', lms=UNKNOWN, monitor=<psychopy.monitors.calibTools.Monitor object at 0x7f180c0ad460>, multiSample=False, name='window1', numSamples=2, pos=[0.0, 0.0], screen=0, size=array([1680, 1050]), stencilBits=0, stereo=False, units='height', useFBO=True, useRetina=False, viewOri=0.0, viewPos=None, viewScale=None, waitBlanking=True, winType='pyglet')
7.6676 	EXP 	window1: mouseVisible = True
7.6731 	EXP 	window1: mouseVisible = False
7.6732 	EXP 	window1: Attempting to measure frame rate of screen (0) ...
7.6733 	EXP 	window1: recordFrameIntervals = False
7.8318 	EXP 	window1: recordFrameIntervals = True
8.0168 	EXP 	Screen (0) actual frame rate measured at 59.82Hz
8.0169 	EXP 	window1: recordFrameIntervals = False
9.5114 	EXP 	window1: mouseVisible = True
9.5283 	EXP 	Created slider = Slider(__class__=<class 'psychopy.visual.slider.Slider'>, autoDraw=False, autoLog=True, borderColor=None, color=None, colorSpace='rgb', depth=0, fillColor=None, flip=False, font='Open Sans', granularity=0.0, labelColor=None, labelHeight=0.05, labelWrapWidth=None, labels=None, lineColor=None, markerColor=None, name='slider', opacity=None, ori=0.0, pos=array([ 0. , -0.4]), readOnly=False, self=UNKNOWN, size=array([1. , 0.1]), startValue=None, style='rating', styleTweaks=[], ticks=array([1, 2, 3, 4, 5]), units='height', win=Window(...))
9.5304 	EXP 	window1: mouseVisible = True
9.5455 	EXP 	Created slider_2 = Slider(__class__=<class 'psychopy.visual.slider.Slider'>, autoDraw=False, autoLog=True, borderColor=None, color=None, colorSpace='rgb', depth=-1, fillColor=None, flip=False, font='Open Sans', granularity=0.0, labelColor=None, labelHeight=0.05, labelWrapWidth=None, labels=None, lineColor=None, markerColor=None, name='slider_2', opacity=None, ori=0.0, pos=array([ 0. , -0.4]), readOnly=False, self=UNKNOWN, size=array([1. , 0.1]), startValue=None, style='rating', styleTweaks=[], ticks=array([1, 2, 3, 4, 5]), units='height', win=Window(...))
9.6665 	EXP 	Created text = TextStim(__class__=<class 'psychopy.visual.text.TextStim'>, alignHoriz=method-wrapper(...), alignText='center', alignVert=method-wrapper(...), anchorHoriz='center', anchorVert='center', antialias=True, autoDraw=False, autoLog=True, bold=False, color=array([1, 1, 1]), colorSpace='rgb', contrast=1.0, depth=-3.0, flipHoriz=False, flipVert=False, font='Open Sans', fontFiles=[], height=0.05, italic=False, languageStyle='LTR', name='text', opacity=1.0, ori=0.0, pos=array([0., 0.]), rgb=UNKNOWN, text='Any text\n\nincluding line breaks', units='height', win=Window(...), wrapWidth=1)
9.6715 	EXP 	Created car = ImageStim(__class__=<class 'psychopy.visual.image.ImageStim'>, anchor=('left', 'top'), autoLog=True, color=array([1, 1, 1]), colorSpace='rgb', contrast=1.0, depth=0, flipHoriz=False, flipVert=False, image=str(...), interpolate=False, mask=None, maskParams=None, name='car', opacity=1.0, ori=0.0, pos=array([-10.,   0.]), size=array([0.25, 0.1 ]), texRes=128, units='height', win=Window(...))
9.6721 	EXP 	Created sequence: random, trialTypes=1, nReps=2, seed=None
9.6723 	EXP 	New trial (rep=0, index=0): None
18.0498 	DATA 	Keypress: c
18.0505 	DATA 	Keypress: o
18.0508 	DATA 	Keypress: n
18.0512 	DATA 	Keypress: t
18.0515 	DATA 	Keypress: i
18.0517 	DATA 	Keypress: n
18.0521 	DATA 	Keypress: u
18.0525 	DATA 	Keypress: e
18.0528 	DATA 	Keypress: return
18.0848 	EXP 	slider: autoLog = True
18.0848 	EXP 	slider: markerPos = None
18.0848 	EXP 	slider: styleTweaks = []
18.0848 	EXP 	slider: styleTweaks = []
18.0848 	EXP 	slider: styleTweaks = []
18.0848 	EXP 	slider: styleTweaks = []
18.0848 	EXP 	slider: contrast = 1.0
18.0848 	EXP 	slider: autoLog = True
18.0848 	EXP 	slider_2: autoLog = True
18.0848 	EXP 	slider_2: markerPos = None
18.0848 	EXP 	slider_2: styleTweaks = []
18.0848 	EXP 	slider_2: styleTweaks = []
18.0848 	EXP 	slider_2: styleTweaks = []
18.0848 	EXP 	slider_2: styleTweaks = []
18.0848 	EXP 	slider_2: contrast = 1.0
18.0848 	EXP 	slider_2: autoLog = True
18.0848 	EXP 	textbox: autoLog = True
18.0848 	EXP 	slider: markerPos = None
18.0848 	EXP 	slider: markerPos = None
18.0848 	EXP 	slider_2: markerPos = None
18.0848 	EXP 	slider_2: markerPos = None
18.0848 	EXP 	car: autoDraw = True
18.0848 	EXP 	slider: autoDraw = True
18.0848 	EXP 	slider_2: autoDraw = True
18.0848 	EXP 	textbox: autoDraw = True
26.2491 	DATA 	Mouse: Left button down, pos=(844,92)
26.2800 	EXP 	slider: markerPos = 3.0152380952380953
26.2800 	EXP 	slider_2: markerPos = 3.0152380952380953
26.2991 	DATA 	Mouse:  Left button up, pos=(844,92)
26.3039 	EXP 	slider: markerPos = 3.0152380952380953
26.3039 	EXP 	slider_2: markerPos = 3.0152380952380953
26.3344 	EXP 	slider: markerPos = 3.0152380952380953
26.3344 	EXP 	slider_2: markerPos = 3.0152380952380953
26.3380 	EXP 	New trial (rep=1, index=0): None
32.9565 	DATA 	Mouse: Left button down, pos=(845,97)
32.9567 	DATA 	Mouse:  Left button up, pos=(845,97)
32.9806 	EXP 	slider: autoDraw = False
32.9806 	EXP 	slider_2: autoDraw = False
32.9806 	EXP 	textbox: autoDraw = False
32.9806 	EXP 	text: autoDraw = False
32.9806 	EXP 	car: autoDraw = False
32.9806 	EXP 	slider: markerPos = None
32.9806 	EXP 	slider: markerPos = None
32.9806 	EXP 	slider_2: markerPos = None
32.9806 	EXP 	slider_2: markerPos = None
32.9806 	EXP 	car: autoDraw = True
32.9806 	EXP 	slider: autoDraw = True
32.9806 	EXP 	slider_2: autoDraw = True
32.9806 	EXP 	textbox: autoDraw = True
35.2956 	DATA 	Mouse: Left button down, pos=(843,101)
35.3245 	EXP 	slider: markerPos = 3.0114285714285716
35.3245 	EXP 	slider_2: markerPos = 3.0114285714285716
35.3415 	EXP 	slider: markerPos = 3.0114285714285716
35.3415 	EXP 	slider_2: markerPos = 3.0114285714285716
35.3634 	EXP 	slider: markerPos = 3.0114285714285716
35.3634 	EXP 	slider_2: markerPos = 3.0114285714285716
35.3695 	DATA 	Mouse:  Left button up, pos=(843,101)
35.3865 	EXP 	slider: markerPos = 3.0114285714285716
35.3865 	EXP 	slider_2: markerPos = 3.0114285714285716
35.3992 	EXP 	slider: autoDraw = False
35.3992 	EXP 	slider_2: autoDraw = False
35.3992 	EXP 	textbox: autoDraw = False
35.3992 	EXP 	text: autoDraw = False
35.3992 	EXP 	car: autoDraw = False
35.4123 	EXP 	window1: mouseVisible = True
