1.0632 	WARNING 	We strongly recommend you activate the PTB sound engine in PsychoPy prefs as the preferred audio engine. Its timing is vastly superior. Your prefs are currently set to use ['sounddevice', 'PTB', 'pyo', 'pygame'] (in that order).
14.1428 	WARNING 	User requested fullscreen with size [1024  768], but screen is actually [1680, 1050]. Using actual size
14.7239 	EXP 	Created window1 = Window(allowGUI=True, allowStencil=False, autoLog=True, backendConf=UNKNOWN, bitsMode=UNKNOWN, blendMode='avg', bpc=(8, 8, 8), color=array([0, 0, 0]), colorSpace='rgb', depthBits=8, fullscr=<method-wrapper '__getattribute__' of attributeSetter object at 0x7f83ce3926a0>, gamma=None, gammaErrorPolicy='raise', lms=UNKNOWN, monitor=<psychopy.monitors.calibTools.Monitor object at 0x7f83c80b7430>, multiSample=False, name='window1', numSamples=2, pos=[0.0, 0.0], screen=0, size=array([1680, 1050]), stencilBits=0, stereo=False, units='height', useFBO=True, useRetina=False, viewOri=0.0, viewPos=None, viewScale=None, waitBlanking=True, winType='pyglet')
14.7244 	EXP 	window1: mouseVisible = True
14.7313 	EXP 	window1: mouseVisible = False
14.7314 	EXP 	window1: Attempting to measure frame rate of screen (0) ...
14.7314 	EXP 	window1: recordFrameIntervals = False
14.8886 	EXP 	window1: recordFrameIntervals = True
15.0723 	EXP 	Screen (0) actual frame rate measured at 60.00Hz
15.0723 	EXP 	window1: recordFrameIntervals = False
16.5101 	EXP 	window1: mouseVisible = True
16.5321 	EXP 	Created slider = Slider(__class__=<class 'psychopy.visual.slider.Slider'>, autoDraw=False, autoLog=True, borderColor=None, color=None, colorSpace='rgb', depth=0, fillColor=None, flip=False, font='Open Sans', granularity=0.0, labelColor=None, labelHeight=0.05, labelWrapWidth=None, labels=None, lineColor=None, markerColor=None, name='slider', opacity=None, ori=0.0, pos=array([ 0. , -0.4]), readOnly=False, self=UNKNOWN, size=array([1. , 0.1]), startValue=None, style='rating', styleTweaks=[], ticks=array([1, 2, 3, 4, 5]), units='height', win=Window(...))
16.5354 	EXP 	window1: mouseVisible = True
16.5510 	EXP 	Created slider_2 = Slider(__class__=<class 'psychopy.visual.slider.Slider'>, autoDraw=False, autoLog=True, borderColor=None, color=None, colorSpace='rgb', depth=-1, fillColor=None, flip=False, font='Open Sans', granularity=0.0, labelColor=None, labelHeight=0.05, labelWrapWidth=None, labels=None, lineColor=None, markerColor=None, name='slider_2', opacity=None, ori=0.0, pos=array([ 0. , -0.4]), readOnly=False, self=UNKNOWN, size=array([1. , 0.1]), startValue=None, style='rating', styleTweaks=[], ticks=array([1, 2, 3, 4, 5]), units='height', win=Window(...))
16.7001 	EXP 	Created text = TextStim(__class__=<class 'psychopy.visual.text.TextStim'>, alignHoriz=method-wrapper(...), alignText='center', alignVert=method-wrapper(...), anchorHoriz='center', anchorVert='center', antialias=True, autoDraw=False, autoLog=True, bold=False, color=array([1, 1, 1]), colorSpace='rgb', contrast=1.0, depth=-3.0, flipHoriz=False, flipVert=False, font='Open Sans', fontFiles=[], height=0.05, italic=False, languageStyle='LTR', name='text', opacity=1.0, ori=0.0, pos=array([0., 0.]), rgb=UNKNOWN, text='Any text\n\nincluding line breaks', units='height', win=Window(...), wrapWidth=1)
16.7054 	EXP 	Created unnamed ImageStim = ImageStim(__class__=<class 'psychopy.visual.image.ImageStim'>, anchor=('center', 'center'), autoLog=True, color=array([1, 1, 1]), colorSpace='rgb', contrast=1.0, depth=0, flipHoriz=False, flipVert=False, image=str(...), interpolate=False, mask=None, maskParams=None, name='unnamed ImageStim', opacity=1.0, ori=0.0, pos=array([0., 0.]), size=array([0.05142857, 0.02095238]), texRes=128, units='height', win=Window(...))
16.7061 	EXP 	Created sequence: random, trialTypes=1, nReps=2, seed=None
16.7063 	EXP 	New trial (rep=0, index=0): None
16.7226 	EXP 	slider: autoLog = True
16.7226 	EXP 	slider: markerPos = None
16.7226 	EXP 	slider: styleTweaks = []
16.7226 	EXP 	slider: styleTweaks = []
16.7226 	EXP 	slider: styleTweaks = []
16.7226 	EXP 	slider: styleTweaks = []
16.7226 	EXP 	slider: contrast = 1.0
16.7226 	EXP 	slider: autoLog = True
16.7226 	EXP 	slider_2: autoLog = True
16.7226 	EXP 	slider_2: markerPos = None
16.7226 	EXP 	slider_2: styleTweaks = []
16.7226 	EXP 	slider_2: styleTweaks = []
16.7226 	EXP 	slider_2: styleTweaks = []
16.7226 	EXP 	slider_2: styleTweaks = []
16.7226 	EXP 	slider_2: contrast = 1.0
16.7226 	EXP 	slider_2: autoLog = True
16.7226 	EXP 	textbox: autoLog = True
16.7226 	EXP 	slider: markerPos = None
16.7226 	EXP 	slider: markerPos = None
16.7226 	EXP 	slider_2: markerPos = None
16.7226 	EXP 	slider_2: markerPos = None
16.7226 	EXP 	slider: autoDraw = True
16.7226 	EXP 	slider_2: autoDraw = True
16.7226 	EXP 	textbox: autoDraw = True
16.7226 	EXP 	slider_2: autoDraw = True
16.7345 	EXP 	slider_2: autoDraw = True
16.7478 	EXP 	slider_2: autoDraw = True
16.7593 	EXP 	slider_2: autoDraw = True
16.7722 	EXP 	slider_2: autoDraw = True
16.7840 	EXP 	slider_2: autoDraw = True
16.7953 	EXP 	slider_2: autoDraw = True
16.8094 	EXP 	slider_2: autoDraw = True
16.8256 	EXP 	slider_2: autoDraw = True
16.8424 	EXP 	slider_2: autoDraw = True
16.8582 	EXP 	slider_2: autoDraw = True
16.8748 	EXP 	slider_2: autoDraw = True
16.8916 	EXP 	slider_2: autoDraw = True
16.9094 	EXP 	slider_2: autoDraw = True
16.9256 	EXP 	slider_2: autoDraw = True
16.9423 	EXP 	slider_2: autoDraw = True
16.9584 	EXP 	slider_2: autoDraw = True
16.9762 	EXP 	slider_2: autoDraw = True
16.9923 	EXP 	slider_2: autoDraw = True
17.0102 	EXP 	slider_2: autoDraw = True
17.0262 	EXP 	slider_2: autoDraw = True
17.0428 	EXP 	slider_2: autoDraw = True
17.0596 	EXP 	slider_2: autoDraw = True
17.0765 	EXP 	slider_2: autoDraw = True
17.0929 	EXP 	slider_2: autoDraw = True
17.1099 	EXP 	slider_2: autoDraw = True
17.1263 	EXP 	slider_2: autoDraw = True
17.1429 	EXP 	slider_2: autoDraw = True
17.1598 	EXP 	slider_2: autoDraw = True
17.1758 	EXP 	slider_2: autoDraw = True
17.1935 	EXP 	slider_2: autoDraw = True
17.2099 	EXP 	slider_2: autoDraw = True
17.2271 	EXP 	slider_2: autoDraw = True
17.2439 	EXP 	slider_2: autoDraw = True
17.2599 	EXP 	slider_2: autoDraw = True
17.2766 	EXP 	slider_2: autoDraw = True
17.2959 	EXP 	slider_2: autoDraw = True
17.3105 	EXP 	slider_2: autoDraw = True
17.3271 	EXP 	slider_2: autoDraw = True
17.3442 	EXP 	slider_2: autoDraw = True
17.3602 	EXP 	slider_2: autoDraw = True
17.3770 	EXP 	slider_2: autoDraw = True
17.3930 	EXP 	slider_2: autoDraw = True
17.4105 	EXP 	slider_2: autoDraw = True
17.4269 	EXP 	slider_2: autoDraw = True
17.4441 	EXP 	slider_2: autoDraw = True
17.4605 	EXP 	slider_2: autoDraw = True
17.4776 	EXP 	slider_2: autoDraw = True
17.4934 	EXP 	slider_2: autoDraw = True
17.5112 	EXP 	slider_2: autoDraw = True
17.5327 	EXP 	slider_2: autoDraw = True
17.5466 	EXP 	slider_2: autoDraw = True
17.5603 	EXP 	slider_2: autoDraw = True
17.5770 	EXP 	slider_2: autoDraw = True
17.5933 	EXP 	slider_2: autoDraw = True
17.6106 	EXP 	slider_2: autoDraw = True
17.6263 	EXP 	slider_2: autoDraw = True
17.6443 	EXP 	slider_2: autoDraw = True
17.6609 	EXP 	slider_2: autoDraw = True
17.6780 	EXP 	slider_2: autoDraw = True
17.6945 	EXP 	slider_2: autoDraw = True
17.7109 	EXP 	slider_2: autoDraw = True
17.7267 	EXP 	slider_2: autoDraw = True
17.7455 	EXP 	slider_2: autoDraw = True
17.7609 	EXP 	slider_2: autoDraw = True
17.7778 	EXP 	slider_2: autoDraw = True
17.7943 	EXP 	slider_2: autoDraw = True
17.8114 	EXP 	slider_2: autoDraw = True
17.8276 	EXP 	slider_2: autoDraw = True
17.8431 	EXP 	slider_2: autoDraw = True
17.8614 	EXP 	slider_2: autoDraw = True
17.8783 	EXP 	slider_2: autoDraw = True
17.8948 	EXP 	slider_2: autoDraw = True
17.9105 	EXP 	slider_2: autoDraw = True
17.9305 	EXP 	slider_2: autoDraw = True
17.9449 	EXP 	slider_2: autoDraw = True
17.9614 	EXP 	slider_2: autoDraw = True
17.9780 	EXP 	slider_2: autoDraw = True
17.9950 	EXP 	slider_2: autoDraw = True
18.0116 	EXP 	slider_2: autoDraw = True
18.0274 	EXP 	slider_2: autoDraw = True
18.0447 	EXP 	slider_2: autoDraw = True
18.0614 	EXP 	slider_2: autoDraw = True
18.0786 	EXP 	slider_2: autoDraw = True
18.0952 	EXP 	slider_2: autoDraw = True
18.1122 	EXP 	slider_2: autoDraw = True
18.1276 	EXP 	slider_2: autoDraw = True
18.1449 	EXP 	slider_2: autoDraw = True
18.1655 	EXP 	slider_2: autoDraw = True
18.1792 	EXP 	slider_2: autoDraw = True
18.1949 	EXP 	slider_2: autoDraw = True
18.2119 	EXP 	slider_2: autoDraw = True
18.2286 	EXP 	slider_2: autoDraw = True
18.2443 	EXP 	slider_2: autoDraw = True
18.2613 	EXP 	slider_2: autoDraw = True
18.2788 	EXP 	slider_2: autoDraw = True
18.2949 	EXP 	slider_2: autoDraw = True
18.3126 	EXP 	slider_2: autoDraw = True
18.3289 	EXP 	slider_2: autoDraw = True
18.3451 	EXP 	slider_2: autoDraw = True
18.3621 	EXP 	slider_2: autoDraw = True
18.3789 	EXP 	slider_2: autoDraw = True
18.3951 	EXP 	slider_2: autoDraw = True
18.4123 	EXP 	slider_2: autoDraw = True
18.4287 	EXP 	slider_2: autoDraw = True
18.4455 	EXP 	slider_2: autoDraw = True
18.4618 	EXP 	slider_2: autoDraw = True
18.4789 	EXP 	slider_2: autoDraw = True
18.4959 	EXP 	slider_2: autoDraw = True
18.5130 	EXP 	slider_2: autoDraw = True
18.5288 	EXP 	slider_2: autoDraw = True
18.5458 	EXP 	slider_2: autoDraw = True
18.5624 	EXP 	slider_2: autoDraw = True
18.5791 	EXP 	slider_2: autoDraw = True
18.5950 	EXP 	slider_2: autoDraw = True
18.6124 	EXP 	slider_2: autoDraw = True
18.6292 	EXP 	slider_2: autoDraw = True
18.6451 	EXP 	slider_2: autoDraw = True
18.6629 	EXP 	slider_2: autoDraw = True
18.6786 	EXP 	slider_2: autoDraw = True
18.6957 	EXP 	slider_2: autoDraw = True
18.7130 	EXP 	slider_2: autoDraw = True
18.7298 	EXP 	slider_2: autoDraw = True
18.7471 	EXP 	slider_2: autoDraw = True
18.7632 	EXP 	slider_2: autoDraw = True
18.7798 	EXP 	slider_2: autoDraw = True
18.7962 	EXP 	slider_2: autoDraw = True
18.8132 	EXP 	slider_2: autoDraw = True
18.8300 	EXP 	slider_2: autoDraw = True
18.8468 	EXP 	slider_2: autoDraw = True
18.8631 	EXP 	slider_2: autoDraw = True
18.8801 	EXP 	slider_2: autoDraw = True
18.8957 	EXP 	slider_2: autoDraw = True
18.9125 	EXP 	slider_2: autoDraw = True
18.9294 	EXP 	slider_2: autoDraw = True
18.9462 	EXP 	slider_2: autoDraw = True
18.9633 	EXP 	slider_2: autoDraw = True
18.9800 	EXP 	slider_2: autoDraw = True
18.9965 	EXP 	slider_2: autoDraw = True
19.0133 	EXP 	slider_2: autoDraw = True
19.0300 	EXP 	slider_2: autoDraw = True
19.0464 	EXP 	slider_2: autoDraw = True
19.0637 	EXP 	slider_2: autoDraw = True
19.0801 	EXP 	slider_2: autoDraw = True
19.0963 	EXP 	slider_2: autoDraw = True
19.1133 	EXP 	slider_2: autoDraw = True
19.1308 	EXP 	slider_2: autoDraw = True
19.1473 	EXP 	slider_2: autoDraw = True
19.1757 	EXP 	slider_2: autoDraw = True
19.1896 	EXP 	slider_2: autoDraw = True
19.2032 	EXP 	slider_2: autoDraw = True
19.2164 	EXP 	slider_2: autoDraw = True
19.2299 	EXP 	slider_2: autoDraw = True
19.2480 	EXP 	slider_2: autoDraw = True
19.2645 	EXP 	slider_2: autoDraw = True
19.2813 	EXP 	slider_2: autoDraw = True
19.2970 	EXP 	slider_2: autoDraw = True
19.3138 	EXP 	slider_2: autoDraw = True
19.3306 	EXP 	slider_2: autoDraw = True
19.3476 	EXP 	slider_2: autoDraw = True
19.3731 	EXP 	slider_2: autoDraw = True
19.3924 	EXP 	slider_2: autoDraw = True
19.4065 	EXP 	slider_2: autoDraw = True
19.4217 	EXP 	slider_2: autoDraw = True
19.4345 	EXP 	slider_2: autoDraw = True
19.4475 	EXP 	slider_2: autoDraw = True
19.4637 	EXP 	slider_2: autoDraw = True
19.4812 	EXP 	slider_2: autoDraw = True
19.4979 	EXP 	slider_2: autoDraw = True
19.5132 	EXP 	slider_2: autoDraw = True
19.5309 	EXP 	slider_2: autoDraw = True
19.5477 	EXP 	slider_2: autoDraw = True
19.5636 	EXP 	slider_2: autoDraw = True
19.5811 	EXP 	slider_2: autoDraw = True
19.5972 	EXP 	slider_2: autoDraw = True
19.6152 	EXP 	slider_2: autoDraw = True
19.6305 	EXP 	slider_2: autoDraw = True
19.6481 	EXP 	slider_2: autoDraw = True
19.6642 	EXP 	slider_2: autoDraw = True
19.6815 	EXP 	slider_2: autoDraw = True
19.6974 	EXP 	slider_2: autoDraw = True
19.7150 	EXP 	slider_2: autoDraw = True
19.7312 	EXP 	slider_2: autoDraw = True
19.7472 	EXP 	slider_2: autoDraw = True
19.7645 	EXP 	slider_2: autoDraw = True
19.7907 	EXP 	slider_2: autoDraw = True
19.8062 	EXP 	slider_2: autoDraw = True
19.8190 	EXP 	slider_2: autoDraw = True
19.8319 	EXP 	slider_2: autoDraw = True
19.8476 	EXP 	slider_2: autoDraw = True
19.8641 	EXP 	slider_2: autoDraw = True
19.8810 	EXP 	slider_2: autoDraw = True
19.8977 	EXP 	slider_2: autoDraw = True
19.9148 	EXP 	slider_2: autoDraw = True
19.9306 	EXP 	slider_2: autoDraw = True
19.9498 	EXP 	slider_2: autoDraw = True
19.9654 	EXP 	slider_2: autoDraw = True
19.9822 	EXP 	slider_2: autoDraw = True
19.9981 	EXP 	slider_2: autoDraw = True
20.0156 	EXP 	slider_2: autoDraw = True
20.0310 	EXP 	slider_2: autoDraw = True
20.0485 	EXP 	slider_2: autoDraw = True
20.0652 	EXP 	slider_2: autoDraw = True
20.0819 	EXP 	slider_2: autoDraw = True
20.0987 	EXP 	slider_2: autoDraw = True
20.1157 	EXP 	slider_2: autoDraw = True
20.1322 	EXP 	slider_2: autoDraw = True
20.1489 	EXP 	slider_2: autoDraw = True
20.1653 	EXP 	slider_2: autoDraw = True
20.1834 	EXP 	slider_2: autoDraw = True
20.1987 	EXP 	slider_2: autoDraw = True
20.2159 	EXP 	slider_2: autoDraw = True
20.2335 	EXP 	slider_2: autoDraw = True
20.2483 	EXP 	slider_2: autoDraw = True
20.2656 	EXP 	slider_2: autoDraw = True
20.2823 	EXP 	slider_2: autoDraw = True
20.2988 	EXP 	slider_2: autoDraw = True
20.3152 	EXP 	slider_2: autoDraw = True
20.3320 	EXP 	slider_2: autoDraw = True
20.3489 	EXP 	slider_2: autoDraw = True
20.3660 	EXP 	slider_2: autoDraw = True
20.3829 	EXP 	slider_2: autoDraw = True
20.3988 	EXP 	slider_2: autoDraw = True
20.4160 	EXP 	slider_2: autoDraw = True
20.4322 	EXP 	slider_2: autoDraw = True
20.4490 	EXP 	slider_2: autoDraw = True
20.4661 	EXP 	slider_2: autoDraw = True
20.4826 	EXP 	slider_2: autoDraw = True
20.4990 	EXP 	slider_2: autoDraw = True
20.5155 	EXP 	slider_2: autoDraw = True
20.5337 	EXP 	slider_2: autoDraw = True
20.5495 	EXP 	slider_2: autoDraw = True
20.5658 	EXP 	slider_2: autoDraw = True
20.5831 	EXP 	slider_2: autoDraw = True
20.5987 	EXP 	slider_2: autoDraw = True
20.6156 	EXP 	slider_2: autoDraw = True
20.6324 	EXP 	slider_2: autoDraw = True
20.6497 	EXP 	slider_2: autoDraw = True
20.6668 	EXP 	slider_2: autoDraw = True
20.6833 	EXP 	slider_2: autoDraw = True
20.6998 	EXP 	slider_2: autoDraw = True
20.7165 	EXP 	slider_2: autoDraw = True
20.7330 	EXP 	slider_2: autoDraw = True
20.7502 	EXP 	slider_2: autoDraw = True
20.7667 	EXP 	slider_2: autoDraw = True
20.7838 	EXP 	slider_2: autoDraw = True
20.7994 	EXP 	slider_2: autoDraw = True
20.8173 	EXP 	slider_2: autoDraw = True
20.8329 	EXP 	slider_2: autoDraw = True
20.8507 	EXP 	slider_2: autoDraw = True
20.8674 	EXP 	slider_2: autoDraw = True
20.8837 	EXP 	slider_2: autoDraw = True
20.9000 	EXP 	slider_2: autoDraw = True
20.9166 	EXP 	slider_2: autoDraw = True
20.9325 	EXP 	slider_2: autoDraw = True
20.9506 	EXP 	slider_2: autoDraw = True
20.9663 	EXP 	slider_2: autoDraw = True
20.9833 	EXP 	slider_2: autoDraw = True
20.9998 	EXP 	slider_2: autoDraw = True
21.0172 	EXP 	slider_2: autoDraw = True
21.0343 	EXP 	slider_2: autoDraw = True
21.0507 	EXP 	slider_2: autoDraw = True
21.0673 	EXP 	slider_2: autoDraw = True
21.0845 	EXP 	slider_2: autoDraw = True
21.1006 	EXP 	slider_2: autoDraw = True
21.1175 	EXP 	slider_2: autoDraw = True
21.1332 	EXP 	slider_2: autoDraw = True
21.1507 	EXP 	slider_2: autoDraw = True
21.1679 	EXP 	slider_2: autoDraw = True
21.1841 	EXP 	slider_2: autoDraw = True
21.1999 	EXP 	slider_2: autoDraw = True
21.2164 	EXP 	slider_2: autoDraw = True
21.2334 	EXP 	slider_2: autoDraw = True
21.2499 	EXP 	slider_2: autoDraw = True
21.2668 	EXP 	slider_2: autoDraw = True
21.2845 	EXP 	slider_2: autoDraw = True
21.3012 	EXP 	slider_2: autoDraw = True
21.3229 	EXP 	slider_2: autoDraw = True
21.3429 	EXP 	slider_2: autoDraw = True
21.3594 	EXP 	slider_2: autoDraw = True
21.3717 	EXP 	slider_2: autoDraw = True
21.3850 	EXP 	slider_2: autoDraw = True
21.4006 	EXP 	slider_2: autoDraw = True
21.4180 	EXP 	slider_2: autoDraw = True
21.4346 	EXP 	slider_2: autoDraw = True
21.4513 	EXP 	slider_2: autoDraw = True
21.4680 	EXP 	slider_2: autoDraw = True
21.4847 	EXP 	slider_2: autoDraw = True
21.5014 	EXP 	slider_2: autoDraw = True
21.5185 	EXP 	slider_2: autoDraw = True
21.5358 	EXP 	slider_2: autoDraw = True
21.5526 	EXP 	slider_2: autoDraw = True
21.5679 	EXP 	slider_2: autoDraw = True
21.5850 	EXP 	slider_2: autoDraw = True
21.6019 	EXP 	slider_2: autoDraw = True
21.6186 	EXP 	slider_2: autoDraw = True
21.6349 	EXP 	slider_2: autoDraw = True
21.6522 	EXP 	slider_2: autoDraw = True
21.6687 	EXP 	slider_2: autoDraw = True
21.6845 	EXP 	slider_2: autoDraw = True
21.7019 	EXP 	slider_2: autoDraw = True
21.7189 	EXP 	slider_2: autoDraw = True
21.7356 	EXP 	slider_2: autoDraw = True
21.7525 	EXP 	slider_2: autoDraw = True
21.7682 	EXP 	slider_2: autoDraw = True
21.7851 	EXP 	slider_2: autoDraw = True
21.8023 	EXP 	slider_2: autoDraw = True
21.8190 	EXP 	slider_2: autoDraw = True
21.8365 	EXP 	slider_2: autoDraw = True
21.8517 	EXP 	slider_2: autoDraw = True
21.8679 	EXP 	slider_2: autoDraw = True
21.8848 	EXP 	slider_2: autoDraw = True
21.9015 	EXP 	slider_2: autoDraw = True
21.9192 	EXP 	slider_2: autoDraw = True
21.9364 	EXP 	slider_2: autoDraw = True
21.9528 	EXP 	slider_2: autoDraw = True
21.9694 	EXP 	slider_2: autoDraw = True
21.9858 	EXP 	slider_2: autoDraw = True
22.0020 	EXP 	slider_2: autoDraw = True
22.0197 	EXP 	slider_2: autoDraw = True
22.0364 	EXP 	slider_2: autoDraw = True
22.0540 	EXP 	slider_2: autoDraw = True
22.0694 	EXP 	slider_2: autoDraw = True
22.0866 	EXP 	slider_2: autoDraw = True
22.1026 	EXP 	slider_2: autoDraw = True
22.1187 	EXP 	slider_2: autoDraw = True
22.1367 	EXP 	slider_2: autoDraw = True
22.1645 	EXP 	slider_2: autoDraw = True
22.1894 	EXP 	slider_2: autoDraw = True
22.2045 	EXP 	slider_2: autoDraw = True
22.2199 	EXP 	slider_2: autoDraw = True
22.2368 	EXP 	slider_2: autoDraw = True
22.2492 	EXP 	slider_2: autoDraw = True
22.2622 	EXP 	slider_2: autoDraw = True
22.2747 	EXP 	slider_2: autoDraw = True
22.2868 	EXP 	slider_2: autoDraw = True
22.3198 	EXP 	slider_2: autoDraw = True
22.3342 	EXP 	slider_2: autoDraw = True
22.3465 	EXP 	slider_2: autoDraw = True
22.3594 	EXP 	slider_2: autoDraw = True
22.3729 	EXP 	slider_2: autoDraw = True
22.3868 	EXP 	slider_2: autoDraw = True
22.4035 	EXP 	slider_2: autoDraw = True
22.4199 	EXP 	slider_2: autoDraw = True
22.4368 	EXP 	slider_2: autoDraw = True
22.4667 	EXP 	slider_2: autoDraw = True
22.4830 	EXP 	slider_2: autoDraw = True
22.4952 	EXP 	slider_2: autoDraw = True
22.5088 	EXP 	slider_2: autoDraw = True
22.5200 	EXP 	slider_2: autoDraw = True
22.5374 	EXP 	slider_2: autoDraw = True
22.5535 	EXP 	slider_2: autoDraw = True
22.5702 	EXP 	slider_2: autoDraw = True
22.5868 	EXP 	slider_2: autoDraw = True
22.6039 	EXP 	slider_2: autoDraw = True
22.6204 	EXP 	slider_2: autoDraw = True
22.6362 	EXP 	slider_2: autoDraw = True
22.6537 	EXP 	slider_2: autoDraw = True
22.6710 	EXP 	slider_2: autoDraw = True
22.6879 	EXP 	slider_2: autoDraw = True
22.7039 	EXP 	slider_2: autoDraw = True
22.7211 	EXP 	slider_2: autoDraw = True
22.7490 	EXP 	slider_2: autoDraw = True
22.7620 	EXP 	slider_2: autoDraw = True
22.7747 	EXP 	slider_2: autoDraw = True
22.7879 	EXP 	slider_2: autoDraw = True
22.8043 	EXP 	slider_2: autoDraw = True
22.8204 	EXP 	slider_2: autoDraw = True
22.8380 	EXP 	slider_2: autoDraw = True
22.8537 	EXP 	slider_2: autoDraw = True
22.8709 	EXP 	slider_2: autoDraw = True
22.8879 	EXP 	slider_2: autoDraw = True
22.9047 	EXP 	slider_2: autoDraw = True
22.9329 	EXP 	slider_2: autoDraw = True
22.9475 	EXP 	slider_2: autoDraw = True
22.9591 	EXP 	slider_2: autoDraw = True
22.9711 	EXP 	slider_2: autoDraw = True
22.9877 	EXP 	slider_2: autoDraw = True
23.0039 	EXP 	slider_2: autoDraw = True
23.0211 	EXP 	slider_2: autoDraw = True
23.0387 	EXP 	slider_2: autoDraw = True
23.0553 	EXP 	slider_2: autoDraw = True
23.0711 	EXP 	slider_2: autoDraw = True
23.0880 	EXP 	slider_2: autoDraw = True
23.1050 	EXP 	slider_2: autoDraw = True
23.1218 	EXP 	slider_2: autoDraw = True
23.1385 	EXP 	slider_2: autoDraw = True
23.1552 	EXP 	slider_2: autoDraw = True
23.1717 	EXP 	slider_2: autoDraw = True
23.1883 	EXP 	slider_2: autoDraw = True
23.2167 	EXP 	slider_2: autoDraw = True
23.2295 	EXP 	slider_2: autoDraw = True
23.2429 	EXP 	slider_2: autoDraw = True
23.2558 	EXP 	slider_2: autoDraw = True
23.2715 	EXP 	slider_2: autoDraw = True
23.2881 	EXP 	slider_2: autoDraw = True
23.3042 	EXP 	slider_2: autoDraw = True
23.3223 	EXP 	slider_2: autoDraw = True
23.3386 	EXP 	slider_2: autoDraw = True
23.3550 	EXP 	slider_2: autoDraw = True
23.3638 	DATA 	Mouse: Left button down, pos=(843,103)
23.3722 	EXP 	slider_2: autoDraw = True
23.3887 	EXP 	slider_2: autoDraw = True
23.3887 	EXP 	slider: markerPos = 3.0114285714285716
23.3887 	EXP 	slider_2: markerPos = 3.0114285714285716
23.4076 	EXP 	slider_2: autoDraw = True
23.4076 	EXP 	slider: markerPos = 3.0114285714285716
23.4076 	EXP 	slider_2: markerPos = 3.0114285714285716
23.4243 	EXP 	slider_2: autoDraw = True
23.4243 	EXP 	slider: markerPos = 3.0114285714285716
23.4243 	EXP 	slider_2: markerPos = 3.0114285714285716
23.4429 	EXP 	slider_2: autoDraw = True
23.4429 	EXP 	slider: markerPos = 3.0114285714285716
23.4429 	EXP 	slider_2: markerPos = 3.0114285714285716
23.4574 	EXP 	slider_2: autoDraw = True
23.4574 	EXP 	slider: markerPos = 3.0114285714285716
23.4574 	EXP 	slider_2: markerPos = 3.0114285714285716
23.4586 	DATA 	Mouse:  Left button up, pos=(843,103)
23.4708 	EXP 	slider_2: autoDraw = True
23.4708 	EXP 	slider: markerPos = 3.0114285714285716
23.4708 	EXP 	slider_2: markerPos = 3.0114285714285716
23.4736 	EXP 	New trial (rep=1, index=0): None
23.4892 	EXP 	slider_2: autoDraw = True
23.4892 	EXP 	slider: autoDraw = False
23.4892 	EXP 	slider_2: autoDraw = False
23.4892 	EXP 	textbox: autoDraw = False
23.4892 	EXP 	text: autoDraw = False
23.4892 	EXP 	unnamed ImageStim: autoDraw = False
23.4892 	EXP 	slider: markerPos = None
23.4892 	EXP 	slider: markerPos = None
23.4892 	EXP 	slider_2: markerPos = None
23.4892 	EXP 	slider_2: markerPos = None
23.4892 	EXP 	slider: autoDraw = True
23.4892 	EXP 	slider_2: autoDraw = True
23.4892 	EXP 	textbox: autoDraw = True
23.4892 	EXP 	slider_2: autoDraw = True
23.5058 	EXP 	slider_2: autoDraw = True
23.5221 	EXP 	slider_2: autoDraw = True
23.5390 	EXP 	slider_2: autoDraw = True
23.5560 	EXP 	slider_2: autoDraw = True
23.5817 	EXP 	slider_2: autoDraw = True
23.5975 	EXP 	slider_2: autoDraw = True
23.6127 	EXP 	slider_2: autoDraw = True
23.6264 	EXP 	slider_2: autoDraw = True
23.6393 	EXP 	slider_2: autoDraw = True
23.6560 	EXP 	slider_2: autoDraw = True
23.6717 	EXP 	slider_2: autoDraw = True
23.6893 	EXP 	slider_2: autoDraw = True
23.7058 	EXP 	slider_2: autoDraw = True
23.7368 	EXP 	slider_2: autoDraw = True
23.7492 	EXP 	slider_2: autoDraw = True
23.7614 	EXP 	slider_2: autoDraw = True
23.7727 	EXP 	slider_2: autoDraw = True
23.7894 	EXP 	slider_2: autoDraw = True
23.8054 	EXP 	slider_2: autoDraw = True
23.8233 	EXP 	slider_2: autoDraw = True
23.8398 	EXP 	slider_2: autoDraw = True
23.8565 	EXP 	slider_2: autoDraw = True
23.8732 	EXP 	slider_2: autoDraw = True
23.8900 	EXP 	slider_2: autoDraw = True
23.9065 	EXP 	slider_2: autoDraw = True
23.9227 	EXP 	slider_2: autoDraw = True
23.9395 	EXP 	slider_2: autoDraw = True
23.9564 	EXP 	slider_2: autoDraw = True
23.9727 	EXP 	slider_2: autoDraw = True
23.9897 	EXP 	slider_2: autoDraw = True
24.0231 	EXP 	slider_2: autoDraw = True
24.0477 	EXP 	slider_2: autoDraw = True
24.0603 	EXP 	slider_2: autoDraw = True
24.0707 	EXP 	slider_2: autoDraw = True
24.0821 	EXP 	slider_2: autoDraw = True
24.0949 	EXP 	slider_2: autoDraw = True
24.1066 	EXP 	slider_2: autoDraw = True
24.1237 	EXP 	slider_2: autoDraw = True
24.1387 	EXP 	slider_2: autoDraw = True
24.1570 	EXP 	slider_2: autoDraw = True
24.1732 	EXP 	slider_2: autoDraw = True
24.1903 	EXP 	slider_2: autoDraw = True
24.2060 	EXP 	slider_2: autoDraw = True
24.2227 	EXP 	slider_2: autoDraw = True
24.2404 	EXP 	slider_2: autoDraw = True
24.2574 	EXP 	slider_2: autoDraw = True
24.2737 	EXP 	slider_2: autoDraw = True
24.2910 	EXP 	slider_2: autoDraw = True
24.3192 	EXP 	slider_2: autoDraw = True
24.3330 	EXP 	slider_2: autoDraw = True
24.3488 	EXP 	slider_2: autoDraw = True
24.3643 	EXP 	slider_2: autoDraw = True
24.3767 	EXP 	slider_2: autoDraw = True
24.3910 	EXP 	slider_2: autoDraw = True
24.4063 	EXP 	slider_2: autoDraw = True
24.4240 	EXP 	slider_2: autoDraw = True
24.4411 	EXP 	slider_2: autoDraw = True
24.4694 	EXP 	slider_2: autoDraw = True
24.4840 	EXP 	slider_2: autoDraw = True
24.4959 	EXP 	slider_2: autoDraw = True
24.5088 	EXP 	slider_2: autoDraw = True
24.5245 	EXP 	slider_2: autoDraw = True
24.5415 	EXP 	slider_2: autoDraw = True
24.5577 	EXP 	slider_2: autoDraw = True
24.5732 	EXP 	slider_2: autoDraw = True
24.5910 	EXP 	slider_2: autoDraw = True
24.6066 	EXP 	slider_2: autoDraw = True
24.6247 	EXP 	slider_2: autoDraw = True
24.6404 	EXP 	slider_2: autoDraw = True
24.6578 	EXP 	slider_2: autoDraw = True
24.6745 	EXP 	slider_2: autoDraw = True
24.6913 	EXP 	slider_2: autoDraw = True
24.7078 	EXP 	slider_2: autoDraw = True
24.7243 	EXP 	slider_2: autoDraw = True
24.7412 	EXP 	slider_2: autoDraw = True
24.7580 	EXP 	slider_2: autoDraw = True
24.7752 	EXP 	slider_2: autoDraw = True
24.7913 	EXP 	slider_2: autoDraw = True
24.8078 	EXP 	slider_2: autoDraw = True
24.8246 	EXP 	slider_2: autoDraw = True
24.8415 	EXP 	slider_2: autoDraw = True
24.8583 	EXP 	slider_2: autoDraw = True
24.8751 	EXP 	slider_2: autoDraw = True
24.8920 	EXP 	slider_2: autoDraw = True
24.9071 	EXP 	slider_2: autoDraw = True
24.9249 	EXP 	slider_2: autoDraw = True
24.9417 	EXP 	slider_2: autoDraw = True
24.9582 	EXP 	slider_2: autoDraw = True
24.9757 	EXP 	slider_2: autoDraw = True
24.9979 	EXP 	slider_2: autoDraw = True
25.0111 	EXP 	slider_2: autoDraw = True
25.0266 	EXP 	slider_2: autoDraw = True
25.0544 	EXP 	slider_2: autoDraw = True
25.0751 	EXP 	slider_2: autoDraw = True
25.0878 	EXP 	slider_2: autoDraw = True
25.1014 	EXP 	slider_2: autoDraw = True
25.1218 	EXP 	slider_2: autoDraw = True
25.1339 	DATA 	Mouse: Left button down, pos=(843,103)
25.1455 	EXP 	slider_2: autoDraw = True
25.1455 	EXP 	slider_2: markerPos = 3.0114285714285716
25.1599 	EXP 	slider_2: autoDraw = True
25.1599 	EXP 	slider: markerPos = 3.0114285714285716
25.1599 	EXP 	slider_2: markerPos = 3.0114285714285716
25.1755 	EXP 	slider_2: autoDraw = True
25.1755 	EXP 	slider: markerPos = 3.0114285714285716
25.1755 	EXP 	slider_2: markerPos = 3.0114285714285716
25.1895 	EXP 	slider_2: autoDraw = True
25.1895 	EXP 	slider: markerPos = 3.0114285714285716
25.1895 	EXP 	slider_2: markerPos = 3.0114285714285716
25.2040 	EXP 	slider_2: autoDraw = True
25.2040 	EXP 	slider: markerPos = 3.0114285714285716
25.2040 	EXP 	slider_2: markerPos = 3.0114285714285716
25.2182 	EXP 	slider_2: autoDraw = True
25.2182 	EXP 	slider: markerPos = 3.0114285714285716
25.2182 	EXP 	slider_2: markerPos = 3.0114285714285716
25.2314 	EXP 	slider_2: autoDraw = True
25.2314 	EXP 	slider: markerPos = 3.0114285714285716
25.2314 	EXP 	slider_2: markerPos = 3.0114285714285716
25.2459 	EXP 	slider_2: autoDraw = True
25.2459 	EXP 	slider: markerPos = 3.0114285714285716
25.2459 	EXP 	slider_2: markerPos = 3.0114285714285716
25.2471 	DATA 	Mouse:  Left button up, pos=(843,103)
25.2598 	EXP 	slider_2: autoDraw = True
25.2598 	EXP 	slider: markerPos = 3.0114285714285716
25.2598 	EXP 	slider_2: markerPos = 3.0114285714285716
25.2747 	EXP 	slider_2: autoDraw = True
25.2747 	EXP 	slider: autoDraw = False
25.2747 	EXP 	slider_2: autoDraw = False
25.2747 	EXP 	textbox: autoDraw = False
25.2747 	EXP 	text: autoDraw = False
25.2747 	EXP 	unnamed ImageStim: autoDraw = False
25.2958 	EXP 	window1: mouseVisible = True
