1.2213 	WARNING 	We strongly recommend you activate the PTB sound engine in PsychoPy prefs as the preferred audio engine. Its timing is vastly superior. Your prefs are currently set to use ['sounddevice', 'PTB', 'pyo', 'pygame'] (in that order).
4.3859 	WARNING 	User requested fullscreen with size [1024  768], but screen is actually [1680, 1050]. Using actual size
4.9885 	EXP 	Created window1 = Window(allowGUI=True, allowStencil=False, autoLog=True, backendConf=UNKNOWN, bitsMode=UNKNOWN, blendMode='avg', bpc=(8, 8, 8), color=array([0, 0, 0]), colorSpace='rgb', depthBits=8, fullscr=<method-wrapper '__getattribute__' of attributeSetter object at 0x7f05af3c66a0>, gamma=None, gammaErrorPolicy='raise', lms=UNKNOWN, monitor=<psychopy.monitors.calibTools.Monitor object at 0x7f05a88f8550>, multiSample=False, name='window1', numSamples=2, pos=[0.0, 0.0], screen=0, size=array([1680, 1050]), stencilBits=0, stereo=False, units='height', useFBO=True, useRetina=False, viewOri=0.0, viewPos=None, viewScale=None, waitBlanking=True, winType='pyglet')
4.9890 	EXP 	window1: mouseVisible = True
4.9932 	EXP 	window1: mouseVisible = False
4.9933 	EXP 	window1: Attempting to measure frame rate of screen (0) ...
4.9933 	EXP 	window1: recordFrameIntervals = False
5.1539 	EXP 	window1: recordFrameIntervals = True
5.3372 	EXP 	Screen (0) actual frame rate measured at 60.07Hz
5.3373 	EXP 	window1: recordFrameIntervals = False
6.7783 	EXP 	window1: mouseVisible = True
6.7918 	EXP 	Created slider = Slider(__class__=<class 'psychopy.visual.slider.Slider'>, autoDraw=False, autoLog=True, borderColor=None, color=None, colorSpace='rgb', depth=0, fillColor=None, flip=False, font='Open Sans', granularity=0.0, labelColor=None, labelHeight=0.05, labelWrapWidth=None, labels=None, lineColor=None, markerColor=None, name='slider', opacity=None, ori=0.0, pos=array([ 0. , -0.4]), readOnly=False, self=UNKNOWN, size=array([1. , 0.1]), startValue=None, style='rating', styleTweaks=[], ticks=array([1, 2, 3, 4, 5]), units='height', win=Window(...))
6.7940 	EXP 	window1: mouseVisible = True
6.8066 	EXP 	Created slider_2 = Slider(__class__=<class 'psychopy.visual.slider.Slider'>, autoDraw=False, autoLog=True, borderColor=None, color=None, colorSpace='rgb', depth=-1, fillColor=None, flip=False, font='Open Sans', granularity=0.0, labelColor=None, labelHeight=0.05, labelWrapWidth=None, labels=None, lineColor=None, markerColor=None, name='slider_2', opacity=None, ori=0.0, pos=array([ 0. , -0.4]), readOnly=False, self=UNKNOWN, size=array([1. , 0.1]), startValue=None, style='rating', styleTweaks=[], ticks=array([1, 2, 3, 4, 5]), units='height', win=Window(...))
6.9429 	EXP 	Created text = TextStim(__class__=<class 'psychopy.visual.text.TextStim'>, alignHoriz=method-wrapper(...), alignText='center', alignVert=method-wrapper(...), anchorHoriz='center', anchorVert='center', antialias=True, autoDraw=False, autoLog=True, bold=False, color=array([1, 1, 1]), colorSpace='rgb', contrast=1.0, depth=-3.0, flipHoriz=False, flipVert=False, font='Open Sans', fontFiles=[], height=0.05, italic=False, languageStyle='LTR', name='text', opacity=1.0, ori=0.0, pos=array([0., 0.]), rgb=UNKNOWN, text='Any text\n\nincluding line breaks', units='height', win=Window(...), wrapWidth=1)
6.9482 	EXP 	Created unnamed ImageStim = ImageStim(__class__=<class 'psychopy.visual.image.ImageStim'>, anchor=('left', 'top'), autoLog=True, color=array([1, 1, 1]), colorSpace='rgb', contrast=1.0, depth=0, flipHoriz=False, flipVert=False, image=str(...), interpolate=False, mask=None, maskParams=None, name='unnamed ImageStim', opacity=1.0, ori=0.0, pos=array([0., 0.]), size=array([0.05142857, 0.02095238]), texRes=128, units='height', win=Window(...))
6.9489 	EXP 	Created sequence: random, trialTypes=1, nReps=2, seed=None
6.9492 	EXP 	New trial (rep=0, index=0): None
6.9666 	EXP 	slider: autoLog = True
6.9666 	EXP 	slider: markerPos = None
6.9666 	EXP 	slider: styleTweaks = []
6.9666 	EXP 	slider: styleTweaks = []
6.9666 	EXP 	slider: styleTweaks = []
6.9666 	EXP 	slider: styleTweaks = []
6.9666 	EXP 	slider: contrast = 1.0
6.9666 	EXP 	slider: autoLog = True
6.9666 	EXP 	slider_2: autoLog = True
6.9666 	EXP 	slider_2: markerPos = None
6.9666 	EXP 	slider_2: styleTweaks = []
6.9666 	EXP 	slider_2: styleTweaks = []
6.9666 	EXP 	slider_2: styleTweaks = []
6.9666 	EXP 	slider_2: styleTweaks = []
6.9666 	EXP 	slider_2: contrast = 1.0
6.9666 	EXP 	slider_2: autoLog = True
6.9666 	EXP 	textbox: autoLog = True
6.9666 	EXP 	slider: markerPos = None
6.9666 	EXP 	slider: markerPos = None
6.9666 	EXP 	slider_2: markerPos = None
6.9666 	EXP 	slider_2: markerPos = None
6.9666 	EXP 	unnamed ImageStim: autoDraw = True
6.9666 	EXP 	slider: autoDraw = True
6.9666 	EXP 	slider_2: autoDraw = True
6.9666 	EXP 	textbox: autoDraw = True
64.9953 	DATA 	Mouse: Left button down, pos=(850,103)
65.0106 	EXP 	slider_2: markerPos = 3.038095238095238
65.0338 	EXP 	slider: markerPos = 3.038095238095238
65.0338 	EXP 	slider_2: markerPos = 3.038095238095238
65.0476 	EXP 	slider: markerPos = 3.038095238095238
65.0476 	EXP 	slider_2: markerPos = 3.038095238095238
65.0691 	EXP 	slider: markerPos = 3.038095238095238
65.0691 	EXP 	slider_2: markerPos = 3.038095238095238
65.0705 	DATA 	Mouse:  Left button up, pos=(850,103)
65.0898 	EXP 	slider: markerPos = 3.038095238095238
65.0898 	EXP 	slider_2: markerPos = 3.038095238095238
65.0937 	EXP 	New trial (rep=1, index=0): None
65.1091 	EXP 	slider: autoDraw = False
65.1091 	EXP 	slider_2: autoDraw = False
65.1091 	EXP 	textbox: autoDraw = False
65.1091 	EXP 	text: autoDraw = False
65.1091 	EXP 	unnamed ImageStim: autoDraw = False
65.1091 	EXP 	slider: markerPos = None
65.1091 	EXP 	slider: markerPos = None
65.1091 	EXP 	slider_2: markerPos = None
65.1091 	EXP 	slider_2: markerPos = None
65.1091 	EXP 	unnamed ImageStim: autoDraw = True
65.1091 	EXP 	slider: autoDraw = True
65.1091 	EXP 	slider_2: autoDraw = True
65.1091 	EXP 	textbox: autoDraw = True
65.2296 	DATA 	Mouse: Left button down, pos=(849,103)
65.2536 	EXP 	slider: markerPos = 3.0342857142857143
65.2536 	EXP 	slider_2: markerPos = 3.0342857142857143
65.2701 	EXP 	slider: markerPos = 3.0304761904761905
65.2701 	EXP 	slider_2: markerPos = 3.0304761904761905
65.2870 	EXP 	slider: markerPos = 3.0304761904761905
65.2870 	EXP 	slider_2: markerPos = 3.0304761904761905
65.3034 	EXP 	slider: markerPos = 3.0304761904761905
65.3034 	EXP 	slider_2: markerPos = 3.0304761904761905
65.3102 	DATA 	Mouse:  Left button up, pos=(848,103)
65.3203 	EXP 	slider: markerPos = 3.0304761904761905
65.3203 	EXP 	slider_2: markerPos = 3.0304761904761905
65.3370 	EXP 	slider: autoDraw = False
65.3370 	EXP 	slider_2: autoDraw = False
65.3370 	EXP 	textbox: autoDraw = False
65.3370 	EXP 	text: autoDraw = False
65.3370 	EXP 	unnamed ImageStim: autoDraw = False
65.3513 	EXP 	window1: mouseVisible = True
