1.0886 	WARNING 	We strongly recommend you activate the PTB sound engine in PsychoPy prefs as the preferred audio engine. Its timing is vastly superior. Your prefs are currently set to use ['sounddevice', 'PTB', 'pyo', 'pygame'] (in that order).
3.4828 	WARNING 	User requested fullscreen with size [1024  768], but screen is actually [1680, 1050]. Using actual size
4.0729 	EXP 	Created window1 = Window(allowGUI=True, allowStencil=False, autoLog=True, backendConf=UNKNOWN, bitsMode=UNKNOWN, blendMode='avg', bpc=(8, 8, 8), color=array([0, 0, 0]), colorSpace='rgb', depthBits=8, fullscr=<method-wrapper '__getattribute__' of attributeSetter object at 0x7f398197b6a0>, gamma=None, gammaErrorPolicy='raise', lms=UNKNOWN, monitor=<psychopy.monitors.calibTools.Monitor object at 0x7f39780b14c0>, multiSample=False, name='window1', numSamples=2, pos=[0.0, 0.0], screen=0, size=array([1680, 1050]), stencilBits=0, stereo=False, units='height', useFBO=True, useRetina=False, viewOri=0.0, viewPos=None, viewScale=None, waitBlanking=True, winType='pyglet')
4.0733 	EXP 	window1: mouseVisible = True
4.0777 	EXP 	window1: mouseVisible = False
4.0778 	EXP 	window1: Attempting to measure frame rate of screen (0) ...
4.0778 	EXP 	window1: recordFrameIntervals = False
4.2383 	EXP 	window1: recordFrameIntervals = True
4.4228 	EXP 	Screen (0) actual frame rate measured at 59.74Hz
4.4229 	EXP 	window1: recordFrameIntervals = False
5.8883 	EXP 	window1: mouseVisible = True
5.9019 	EXP 	Created slider = Slider(__class__=<class 'psychopy.visual.slider.Slider'>, autoDraw=False, autoLog=True, borderColor=None, color=None, colorSpace='rgb', depth=0, fillColor=None, flip=False, font='Open Sans', granularity=0.0, labelColor=None, labelHeight=0.05, labelWrapWidth=None, labels=None, lineColor=None, markerColor=None, name='slider', opacity=None, ori=0.0, pos=array([ 0. , -0.4]), readOnly=False, self=UNKNOWN, size=array([1. , 0.1]), startValue=None, style='rating', styleTweaks=[], ticks=array([1, 2, 3, 4, 5]), units='height', win=Window(...))
5.9041 	EXP 	window1: mouseVisible = True
5.9167 	EXP 	Created slider_2 = Slider(__class__=<class 'psychopy.visual.slider.Slider'>, autoDraw=False, autoLog=True, borderColor=None, color=None, colorSpace='rgb', depth=-1, fillColor=None, flip=False, font='Open Sans', granularity=0.0, labelColor=None, labelHeight=0.05, labelWrapWidth=None, labels=None, lineColor=None, markerColor=None, name='slider_2', opacity=None, ori=0.0, pos=array([ 0. , -0.4]), readOnly=False, self=UNKNOWN, size=array([1. , 0.1]), startValue=None, style='rating', styleTweaks=[], ticks=array([1, 2, 3, 4, 5]), units='height', win=Window(...))
6.0511 	EXP 	Created text = TextStim(__class__=<class 'psychopy.visual.text.TextStim'>, alignHoriz=method-wrapper(...), alignText='center', alignVert=method-wrapper(...), anchorHoriz='center', anchorVert='center', antialias=True, autoDraw=False, autoLog=True, bold=False, color=array([1, 1, 1]), colorSpace='rgb', contrast=1.0, depth=-3.0, flipHoriz=False, flipVert=False, font='Open Sans', fontFiles=[], height=0.05, italic=False, languageStyle='LTR', name='text', opacity=1.0, ori=0.0, pos=array([0., 0.]), rgb=UNKNOWN, text='Any text\n\nincluding line breaks', units='height', win=Window(...), wrapWidth=1)
6.0566 	EXP 	Created unnamed ImageStim = ImageStim(__class__=<class 'psychopy.visual.image.ImageStim'>, anchor=('center', 'center'), autoLog=True, color=array([1, 1, 1]), colorSpace='rgb', contrast=1.0, depth=0, flipHoriz=False, flipVert=False, image=str(...), interpolate=False, mask=None, maskParams=None, name='unnamed ImageStim', opacity=1.0, ori=0.0, pos=array([0., 0.]), size=array([0.05142857, 0.02095238]), texRes=128, units='height', win=Window(...))
6.0574 	EXP 	Created sequence: random, trialTypes=1, nReps=2, seed=None
6.0577 	EXP 	New trial (rep=0, index=0): None
6.0762 	EXP 	slider: autoLog = True
6.0762 	EXP 	slider: markerPos = None
6.0762 	EXP 	slider: styleTweaks = []
6.0762 	EXP 	slider: styleTweaks = []
6.0762 	EXP 	slider: styleTweaks = []
6.0762 	EXP 	slider: styleTweaks = []
6.0762 	EXP 	slider: contrast = 1.0
6.0762 	EXP 	slider: autoLog = True
6.0762 	EXP 	slider_2: autoLog = True
6.0762 	EXP 	slider_2: markerPos = None
6.0762 	EXP 	slider_2: styleTweaks = []
6.0762 	EXP 	slider_2: styleTweaks = []
6.0762 	EXP 	slider_2: styleTweaks = []
6.0762 	EXP 	slider_2: styleTweaks = []
6.0762 	EXP 	slider_2: contrast = 1.0
6.0762 	EXP 	slider_2: autoLog = True
6.0762 	EXP 	textbox: autoLog = True
6.0762 	EXP 	slider: markerPos = None
6.0762 	EXP 	slider: markerPos = None
6.0762 	EXP 	slider_2: markerPos = None
6.0762 	EXP 	slider_2: markerPos = None
6.0762 	EXP 	slider: autoDraw = True
6.0762 	EXP 	slider_2: autoDraw = True
6.0762 	EXP 	textbox: autoDraw = True
6.0762 	EXP 	unnamed ImageStim: autoDraw = True
13.6821 	DATA 	Mouse: Left button down, pos=(841,106)
13.7063 	EXP 	slider: markerPos = 3.0038095238095237
13.7063 	EXP 	slider_2: markerPos = 3.0038095238095237
13.7227 	EXP 	slider: markerPos = 3.0038095238095237
13.7227 	EXP 	slider_2: markerPos = 3.0038095238095237
13.7395 	EXP 	slider: markerPos = 3.0038095238095237
13.7395 	EXP 	slider_2: markerPos = 3.0038095238095237
13.7558 	EXP 	slider: markerPos = 3.0038095238095237
13.7558 	EXP 	slider_2: markerPos = 3.0038095238095237
13.7658 	DATA 	Mouse:  Left button up, pos=(841,106)
13.7728 	EXP 	slider: markerPos = 3.0038095238095237
13.7728 	EXP 	slider_2: markerPos = 3.0038095238095237
13.7902 	EXP 	slider: markerPos = 3.0038095238095237
13.7902 	EXP 	slider_2: markerPos = 3.0038095238095237
13.7944 	EXP 	New trial (rep=1, index=0): None
13.8126 	EXP 	slider: autoDraw = False
13.8126 	EXP 	slider_2: autoDraw = False
13.8126 	EXP 	textbox: autoDraw = False
13.8126 	EXP 	text: autoDraw = False
13.8126 	EXP 	unnamed ImageStim: autoDraw = False
13.8126 	EXP 	slider: markerPos = None
13.8126 	EXP 	slider: markerPos = None
13.8126 	EXP 	slider_2: markerPos = None
13.8126 	EXP 	slider_2: markerPos = None
13.8126 	EXP 	slider: autoDraw = True
13.8126 	EXP 	slider_2: autoDraw = True
13.8126 	EXP 	textbox: autoDraw = True
13.8126 	EXP 	unnamed ImageStim: autoDraw = True
15.1771 	DATA 	Mouse: Left button down, pos=(841,106)
15.1930 	EXP 	slider: markerPos = 3.0038095238095237
15.1930 	EXP 	slider_2: markerPos = 3.0038095238095237
15.2104 	EXP 	slider: markerPos = 3.0038095238095237
15.2104 	EXP 	slider_2: markerPos = 3.0038095238095237
15.2262 	EXP 	slider: markerPos = 3.0038095238095237
15.2262 	EXP 	slider_2: markerPos = 3.0038095238095237
15.2434 	EXP 	slider: markerPos = 3.0038095238095237
15.2434 	EXP 	slider_2: markerPos = 3.0038095238095237
15.2592 	EXP 	slider: markerPos = 3.0038095238095237
15.2592 	EXP 	slider_2: markerPos = 3.0038095238095237
15.2765 	EXP 	slider: markerPos = 3.0038095238095237
15.2765 	EXP 	slider_2: markerPos = 3.0038095238095237
15.2810 	DATA 	Mouse:  Left button up, pos=(841,106)
15.2937 	EXP 	slider: markerPos = 3.0038095238095237
15.2937 	EXP 	slider_2: markerPos = 3.0038095238095237
15.3099 	EXP 	slider: autoDraw = False
15.3099 	EXP 	slider_2: autoDraw = False
15.3099 	EXP 	textbox: autoDraw = False
15.3099 	EXP 	text: autoDraw = False
15.3099 	EXP 	unnamed ImageStim: autoDraw = False
15.3459 	EXP 	window1: mouseVisible = True
