1.1960 	WARNING 	We strongly recommend you activate the PTB sound engine in PsychoPy prefs as the preferred audio engine. Its timing is vastly superior. Your prefs are currently set to use ['sounddevice', 'PTB', 'pyo', 'pygame'] (in that order).
4.6262 	WARNING 	User requested fullscreen with size [1024  768], but screen is actually [1680, 1050]. Using actual size
5.2190 	EXP 	Created window1 = Window(allowGUI=True, allowStencil=False, autoLog=True, backendConf=UNKNOWN, bitsMode=UNKNOWN, blendMode='avg', bpc=(8, 8, 8), color=array([0, 0, 0]), colorSpace='rgb', depthBits=8, fullscr=<method-wrapper '__getattribute__' of attributeSetter object at 0x7f35624b86a0>, gamma=None, gammaErrorPolicy='raise', lms=UNKNOWN, monitor=<psychopy.monitors.calibTools.Monitor object at 0x7f355c1eb400>, multiSample=False, name='window1', numSamples=2, pos=[0.0, 0.0], screen=0, size=array([1680, 1050]), stencilBits=0, stereo=False, units='height', useFBO=True, useRetina=False, viewOri=0.0, viewPos=None, viewScale=None, waitBlanking=True, winType='pyglet')
5.2194 	EXP 	window1: mouseVisible = True
5.2240 	EXP 	window1: mouseVisible = False
5.2241 	EXP 	window1: Attempting to measure frame rate of screen (0) ...
5.2241 	EXP 	window1: recordFrameIntervals = False
5.3843 	EXP 	window1: recordFrameIntervals = True
5.5684 	EXP 	Screen (0) actual frame rate measured at 59.81Hz
5.5685 	EXP 	window1: recordFrameIntervals = False
7.0291 	EXP 	window1: mouseVisible = True
7.0422 	EXP 	Created slider = Slider(__class__=<class 'psychopy.visual.slider.Slider'>, autoDraw=False, autoLog=True, borderColor=None, color=None, colorSpace='rgb', depth=0, fillColor=None, flip=False, font='Open Sans', granularity=0.0, labelColor=None, labelHeight=0.05, labelWrapWidth=None, labels=None, lineColor=None, markerColor=None, name='slider', opacity=None, ori=0.0, pos=array([ 0. , -0.4]), readOnly=False, self=UNKNOWN, size=array([1. , 0.1]), startValue=None, style='rating', styleTweaks=[], ticks=array([1, 2, 3, 4, 5]), units='height', win=Window(...))
7.0456 	EXP 	window1: mouseVisible = True
7.0622 	EXP 	Created slider_2 = Slider(__class__=<class 'psychopy.visual.slider.Slider'>, autoDraw=False, autoLog=True, borderColor=None, color=None, colorSpace='rgb', depth=-1, fillColor=None, flip=False, font='Open Sans', granularity=0.0, labelColor=None, labelHeight=0.05, labelWrapWidth=None, labels=None, lineColor=None, markerColor=None, name='slider_2', opacity=None, ori=0.0, pos=array([ 0. , -0.4]), readOnly=False, self=UNKNOWN, size=array([1. , 0.1]), startValue=None, style='rating', styleTweaks=[], ticks=array([1, 2, 3, 4, 5]), units='height', win=Window(...))
7.1911 	EXP 	Created text = TextStim(__class__=<class 'psychopy.visual.text.TextStim'>, alignHoriz=method-wrapper(...), alignText='center', alignVert=method-wrapper(...), anchorHoriz='center', anchorVert='center', antialias=True, autoDraw=False, autoLog=True, bold=False, color=array([1, 1, 1]), colorSpace='rgb', contrast=1.0, depth=-3.0, flipHoriz=False, flipVert=False, font='Open Sans', fontFiles=[], height=0.05, italic=False, languageStyle='LTR', name='text', opacity=1.0, ori=0.0, pos=array([0., 0.]), rgb=UNKNOWN, text='Any text\n\nincluding line breaks', units='height', win=Window(...), wrapWidth=1)
7.1962 	EXP 	Created unnamed ImageStim = ImageStim(__class__=<class 'psychopy.visual.image.ImageStim'>, anchor=('center', 'center'), autoLog=True, color=array([1, 1, 1]), colorSpace='rgb', contrast=1.0, depth=0, flipHoriz=False, flipVert=False, image=str(...), interpolate=False, mask=None, maskParams=None, name='unnamed ImageStim', opacity=1.0, ori=0.0, pos=array([0., 0.]), size=array([0.05142857, 0.02095238]), texRes=128, units='height', win=Window(...))
7.1968 	EXP 	Created sequence: random, trialTypes=1, nReps=2, seed=None
7.1970 	EXP 	New trial (rep=0, index=0): None
7.2135 	EXP 	slider: autoLog = True
7.2135 	EXP 	slider: markerPos = None
7.2135 	EXP 	slider: styleTweaks = []
7.2135 	EXP 	slider: styleTweaks = []
7.2135 	EXP 	slider: styleTweaks = []
7.2135 	EXP 	slider: styleTweaks = []
7.2135 	EXP 	slider: contrast = 1.0
7.2135 	EXP 	slider: autoLog = True
7.2135 	EXP 	slider_2: autoLog = True
7.2135 	EXP 	slider_2: markerPos = None
7.2135 	EXP 	slider_2: styleTweaks = []
7.2135 	EXP 	slider_2: styleTweaks = []
7.2135 	EXP 	slider_2: styleTweaks = []
7.2135 	EXP 	slider_2: styleTweaks = []
7.2135 	EXP 	slider_2: contrast = 1.0
7.2135 	EXP 	slider_2: autoLog = True
7.2135 	EXP 	textbox: autoLog = True
7.2135 	EXP 	slider: markerPos = None
7.2135 	EXP 	slider: markerPos = None
7.2135 	EXP 	slider_2: markerPos = None
7.2135 	EXP 	slider_2: markerPos = None
7.2135 	EXP 	slider: autoDraw = True
7.2135 	EXP 	slider_2: autoDraw = True
7.2135 	EXP 	textbox: autoDraw = True
7.2135 	EXP 	unnamed ImageStim: autoDraw = True
18.3614 	EXP 	window1: mouseVisible = True
