1.1039 	WARNING 	We strongly recommend you activate the PTB sound engine in PsychoPy prefs as the preferred audio engine. Its timing is vastly superior. Your prefs are currently set to use ['sounddevice', 'PTB', 'pyo', 'pygame'] (in that order).
5.6824 	WARNING 	User requested fullscreen with size [1024  768], but screen is actually [1680, 1050]. Using actual size
6.8330 	EXP 	Created window1 = Window(allowGUI=True, allowStencil=False, autoLog=True, backendConf=UNKNOWN, bitsMode=UNKNOWN, blendMode='avg', bpc=(8, 8, 8), color=array([0, 0, 0]), colorSpace='rgb', depthBits=8, fullscr=<method-wrapper '__getattribute__' of attributeSetter object at 0x7faf51a386a0>, gamma=None, gammaErrorPolicy='raise', lms=UNKNOWN, monitor=<psychopy.monitors.calibTools.Monitor object at 0x7faf48169400>, multiSample=False, name='window1', numSamples=2, pos=[0.0, 0.0], screen=0, size=array([1680, 1050]), stencilBits=0, stereo=False, units='height', useFBO=True, useRetina=False, viewOri=0.0, viewPos=None, viewScale=None, waitBlanking=True, winType='pyglet')
6.8333 	EXP 	window1: mouseVisible = True
6.8357 	EXP 	window1: mouseVisible = False
6.8357 	EXP 	window1: Attempting to measure frame rate of screen (0) ...
6.8358 	EXP 	window1: recordFrameIntervals = False
6.9995 	EXP 	window1: recordFrameIntervals = True
7.5168 	EXP 	Screen (0) actual frame rate measured at 60.76Hz
7.5169 	EXP 	window1: recordFrameIntervals = False
8.9578 	EXP 	window1: mouseVisible = True
8.9751 	EXP 	Created slider = Slider(__class__=<class 'psychopy.visual.slider.Slider'>, autoDraw=False, autoLog=True, borderColor=None, color=None, colorSpace='rgb', depth=0, fillColor=None, flip=False, font='Open Sans', granularity=0.0, labelColor=None, labelHeight=0.05, labelWrapWidth=None, labels=None, lineColor=None, markerColor=None, name='slider', opacity=None, ori=0.0, pos=array([ 0. , -0.4]), readOnly=False, self=UNKNOWN, size=array([1. , 0.1]), startValue=None, style='rating', styleTweaks=[], ticks=array([1, 2, 3, 4, 5]), units='height', win=Window(...))
8.9772 	EXP 	window1: mouseVisible = True
8.9894 	EXP 	Created slider_2 = Slider(__class__=<class 'psychopy.visual.slider.Slider'>, autoDraw=False, autoLog=True, borderColor=None, color=None, colorSpace='rgb', depth=-1, fillColor=None, flip=False, font='Open Sans', granularity=0.0, labelColor=None, labelHeight=0.05, labelWrapWidth=None, labels=None, lineColor=None, markerColor=None, name='slider_2', opacity=None, ori=0.0, pos=array([ 0. , -0.4]), readOnly=False, self=UNKNOWN, size=array([1. , 0.1]), startValue=None, style='rating', styleTweaks=[], ticks=array([1, 2, 3, 4, 5]), units='height', win=Window(...))
9.1183 	EXP 	Created text = TextStim(__class__=<class 'psychopy.visual.text.TextStim'>, alignHoriz=method-wrapper(...), alignText='center', alignVert=method-wrapper(...), anchorHoriz='center', anchorVert='center', antialias=True, autoDraw=False, autoLog=True, bold=False, color=array([1, 1, 1]), colorSpace='rgb', contrast=1.0, depth=-3.0, flipHoriz=False, flipVert=False, font='Open Sans', fontFiles=[], height=0.05, italic=False, languageStyle='LTR', name='text', opacity=1.0, ori=0.0, pos=array([0., 0.]), rgb=UNKNOWN, text='Any text\n\nincluding line breaks', units='height', win=Window(...), wrapWidth=1)
9.1244 	EXP 	Created unnamed ImageStim = ImageStim(__class__=<class 'psychopy.visual.image.ImageStim'>, anchor=('center', 'center'), autoLog=True, color=array([1, 1, 1]), colorSpace='rgb', contrast=1.0, depth=0, flipHoriz=False, flipVert=False, image=str(...), interpolate=False, mask=None, maskParams=None, name='unnamed ImageStim', opacity=1.0, ori=0.0, pos=array([0., 0.]), size=array([400., 300.]), texRes=128, units='height', win=Window(...))
9.1251 	EXP 	Created sequence: random, trialTypes=1, nReps=2, seed=None
9.1253 	EXP 	New trial (rep=0, index=0): None
9.1430 	EXP 	slider: autoLog = True
9.1430 	EXP 	slider: markerPos = None
9.1430 	EXP 	slider: styleTweaks = []
9.1430 	EXP 	slider: styleTweaks = []
9.1430 	EXP 	slider: styleTweaks = []
9.1430 	EXP 	slider: styleTweaks = []
9.1430 	EXP 	slider: contrast = 1.0
9.1430 	EXP 	slider: autoLog = True
9.1430 	EXP 	slider_2: autoLog = True
9.1430 	EXP 	slider_2: markerPos = None
9.1430 	EXP 	slider_2: styleTweaks = []
9.1430 	EXP 	slider_2: styleTweaks = []
9.1430 	EXP 	slider_2: styleTweaks = []
9.1430 	EXP 	slider_2: styleTweaks = []
9.1430 	EXP 	slider_2: contrast = 1.0
9.1430 	EXP 	slider_2: autoLog = True
9.1430 	EXP 	textbox: autoLog = True
9.1430 	EXP 	slider: markerPos = None
9.1430 	EXP 	slider: markerPos = None
9.1430 	EXP 	slider_2: markerPos = None
9.1430 	EXP 	slider_2: markerPos = None
9.1430 	EXP 	slider: autoDraw = True
9.1430 	EXP 	slider_2: autoDraw = True
9.1430 	EXP 	textbox: autoDraw = True
9.1430 	EXP 	unnamed ImageStim: autoDraw = True
15.6172 	DATA 	Mouse: Left button down, pos=(840,108)
15.6393 	EXP 	slider: markerPos = 3.0
15.6393 	EXP 	slider_2: markerPos = 3.0
15.6557 	EXP 	slider: markerPos = 3.0
15.6557 	EXP 	slider_2: markerPos = 3.0
15.6758 	EXP 	slider: markerPos = 3.0
15.6758 	EXP 	slider_2: markerPos = 3.0
15.6912 	EXP 	slider: markerPos = 3.0
15.6912 	EXP 	slider_2: markerPos = 3.0
15.7053 	EXP 	slider: markerPos = 3.0
15.7053 	EXP 	slider_2: markerPos = 3.0
15.7204 	EXP 	slider: markerPos = 3.0
15.7204 	EXP 	slider_2: markerPos = 3.0
15.7337 	EXP 	slider: markerPos = 3.0
15.7337 	EXP 	slider_2: markerPos = 3.0
15.7343 	DATA 	Mouse:  Left button up, pos=(840,108)
15.7502 	EXP 	slider: markerPos = 3.0
15.7502 	EXP 	slider_2: markerPos = 3.0
15.7531 	EXP 	New trial (rep=1, index=0): None
15.7679 	EXP 	slider: autoDraw = False
15.7679 	EXP 	slider_2: autoDraw = False
15.7679 	EXP 	textbox: autoDraw = False
15.7679 	EXP 	text: autoDraw = False
15.7679 	EXP 	unnamed ImageStim: autoDraw = False
15.7679 	EXP 	slider: markerPos = None
15.7679 	EXP 	slider: markerPos = None
15.7679 	EXP 	slider_2: markerPos = None
15.7679 	EXP 	slider_2: markerPos = None
15.7679 	EXP 	slider: autoDraw = True
15.7679 	EXP 	slider_2: autoDraw = True
15.7679 	EXP 	textbox: autoDraw = True
15.7679 	EXP 	unnamed ImageStim: autoDraw = True
16.7090 	DATA 	Mouse: Left button down, pos=(840,108)
16.7214 	EXP 	slider_2: markerPos = 3.0
16.7472 	EXP 	slider: markerPos = 3.0
16.7472 	EXP 	slider_2: markerPos = 3.0
16.7627 	EXP 	slider: markerPos = 3.0
16.7627 	EXP 	slider_2: markerPos = 3.0
16.7772 	EXP 	slider: markerPos = 3.0
16.7772 	EXP 	slider_2: markerPos = 3.0
16.7924 	EXP 	slider: markerPos = 3.0
16.7924 	EXP 	slider_2: markerPos = 3.0
16.8080 	EXP 	slider: markerPos = 3.0
16.8080 	EXP 	slider_2: markerPos = 3.0
16.8225 	EXP 	slider: markerPos = 3.0
16.8225 	EXP 	slider_2: markerPos = 3.0
16.8358 	EXP 	slider: markerPos = 3.0
16.8358 	EXP 	slider_2: markerPos = 3.0
16.8529 	EXP 	slider: markerPos = 3.0
16.8529 	EXP 	slider_2: markerPos = 3.0
16.8697 	EXP 	slider: markerPos = 3.0
16.8697 	EXP 	slider_2: markerPos = 3.0
16.8853 	EXP 	slider: markerPos = 3.0
16.8853 	EXP 	slider_2: markerPos = 3.0
16.9008 	EXP 	slider: markerPos = 3.0
16.9008 	EXP 	slider_2: markerPos = 3.0
16.9013 	DATA 	Mouse:  Left button up, pos=(840,108)
16.9193 	EXP 	slider: markerPos = 3.0
16.9193 	EXP 	slider_2: markerPos = 3.0
16.9357 	EXP 	slider: autoDraw = False
16.9357 	EXP 	slider_2: autoDraw = False
16.9357 	EXP 	textbox: autoDraw = False
16.9357 	EXP 	text: autoDraw = False
16.9357 	EXP 	unnamed ImageStim: autoDraw = False
16.9505 	EXP 	window1: mouseVisible = True
